PRT1
512
1330
4 0 4 (-1840 2672 128 ) (-1808 2672 128 ) (-1808 2608 128 ) (-1840 2608 128 ) 
4 0 1 (-1840 2672 192 ) (-1840 2672 128 ) (-1840 2608 128 ) (-1840 2608 192 ) 
4 1 5 (-1968 2672 128 ) (-1840 2672 128 ) (-1840 2608 128 ) (-1968 2608 128 ) 
4 1 2 (-1968 2672 192 ) (-1968 2672 128 ) (-1968 2608 128 ) (-1968 2608 192 ) 
4 2 6 (-2000 2672 128 ) (-1968 2672 128 ) (-1968 2608 128 ) (-2000 2608 128 ) 
4 3 11 (-2048 2048 768 ) (-2048 2048 128 ) (-1648 2048 128 ) (-1648 2048 768 ) 
4 3 10 (-2048 2416 128 ) (-2048 2048 128 ) (-2048 2048 768 ) (-2048 2416 768 ) 
4 3 8 (-1648 2048 128 ) (-2048 2048 128 ) (-2048 2416 128 ) (-1648 2416 128 ) 
4 4 5 (-1840 2672 0 ) (-1840 2608 0 ) (-1840 2608 128 ) (-1840 2672 128 ) 
4 5 7 (-1840 2608 128 ) (-1968 2608 128 ) (-1968 2608 0 ) (-1840 2608 0 ) 
4 5 6 (-1968 2672 0 ) (-1968 2608 0 ) (-1968 2608 128 ) (-1968 2672 128 ) 
4 7 8 (-1968 2416 -128 ) (-1840 2416 -128 ) (-1840 2416 128 ) (-1968 2416 128 ) 
4 8 11 (-1648 2048 128 ) (-2048 2048 128 ) (-2048 2048 -128 ) (-1648 2048 -128 ) 
4 8 10 (-2048 2048 -128 ) (-2048 2048 128 ) (-2048 2416 128 ) (-2048 2416 -128 ) 
4 8 9 (-1648 2048 -128 ) (-2048 2048 -128 ) (-2048 2416 -128 ) (-1648 2416 -128 ) 
4 9 11 (-1648 2048 -896 ) (-1648 2048 -128 ) (-2048 2048 -128 ) (-2048 2048 -896 ) 
4 9 10 (-2048 2048 -896 ) (-2048 2048 -128 ) (-2048 2416 -128 ) (-2048 2416 -896 ) 
4 10 12 (-2048 2048 -896 ) (-2048 2048 768 ) (-2160 2048 768 ) (-2160 2048 -896 ) 
4 11 12 (-2048 2048 768 ) (-2048 2048 -896 ) (-2048 1840 -896 ) (-2048 1840 768 ) 
4 15 77 (384 512 512 ) (508 512 512 ) (508 508 512 ) (388 508 512 ) 
4 15 74 (256 512 512 ) (384 512 512 ) (380 508 512 ) (260 508 512 ) 
3 15 75 (384 512 512 ) (388 508 512 ) (380 508 512 ) 
3 15 78 (508 508 512 ) (508 260 512 ) (260 508 512 ) 
4 15 72 (508 512 512 ) (512 512 512 ) (512 384 512 ) (508 388 512 ) 
3 15 70 (512 384 512 ) (508 380 512 ) (508 388 512 ) 
4 15 69 (512 384 512 ) (512 256 512 ) (508 260 512 ) (508 380 512 ) 
4 15 63 (256 384 512 ) (256 512 512 ) (260 508 512 ) (260 388 512 ) 
4 15 64 (256 128 512 ) (256 384 512 ) (260 388 512 ) (260 124 512 ) 
4 15 61 (256 0 512 ) (256 128 512 ) (260 124 512 ) (260 4 512 ) 
3 15 59 (260 508 512 ) (512 256 512 ) (260 4 512 ) 
4 15 57 (384 0 512 ) (256 0 512 ) (260 4 512 ) (380 4 512 ) 
3 15 58 (384 0 512 ) (380 4 512 ) (388 4 512 ) 
4 15 54 (508 252 512 ) (512 256 512 ) (512 128 512 ) (508 132 512 ) 
3 15 52 (512 128 512 ) (508 124 512 ) (508 132 512 ) 
4 15 55 (260 4 512 ) (508 252 512 ) (508 124 512 ) (388 4 512 ) 
4 15 50 (508 0 512 ) (384 0 512 ) (388 4 512 ) (508 4 512 ) 
3 15 48 (388 4 512 ) (508 124 512 ) (508 4 512 ) 
4 15 47 (512 0 512 ) (508 0 512 ) (508 124 512 ) (512 128 512 ) 
3 15 43 (508 508 516 ) (448 448 576 ) (508 388 516 ) 
3 15 41 (388 388 636 ) (384 384 640 ) (388 380 636 ) 
5 15 42 (508 388 516 ) (448 448 576 ) (388 388 636 ) (388 380 636 ) (508 260 516 ) 
3 15 40 (512 384 512 ) (508 388 516 ) (508 380 516 ) 
3 15 36 (512 128 512 ) (508 132 516 ) (508 124 516 ) 
3 15 37 (512 256 512 ) (508 260 516 ) (508 252 516 ) 
5 15 38 (508 260 516 ) (388 380 636 ) (388 124 636 ) (448 64 576 ) (508 124 516 ) 
3 15 35 (384 256 640 ) (388 252 636 ) (388 260 636 ) 
3 15 34 (384 128 640 ) (388 124 636 ) (388 132 636 ) 
3 15 33 (508 124 516 ) (448 64 576 ) (508 4 516 ) 
3 15 32 (384 0 512 ) (388 4 516 ) (380 4 516 ) 
4 15 31 (508.003906 4 516 ) (388.003906 124 636 ) (380 124 636 ) (260 4 516 ) 
3 15 30 (388.003906 124 636 ) (384.001953 128.001938 640.001953 ) (380 124 636 ) 
3 15 28 (384 384 640 ) (388 388 636 ) (380 388 636 ) 
4 15 29 (388 388 636 ) (508 508 516 ) (260 508 516 ) (380 388 636 ) 
3 15 27 (384 512 512 ) (380 508 516 ) (388 508 516 ) 
3 15 26 (256 128 512 ) (260 124 516 ) (260 132 516 ) 
5 15 25 (260 124 516 ) (320 64 576 ) (380 124 636 ) (380 252 636 ) (260 132 516 ) 
3 15 24 (380 124 636 ) (384 128 640 ) (380 132 636 ) 
3 15 22 (256 256 512 ) (260 252 516 ) (260 260 516 ) 
3 15 23 (260 388 516 ) (256 384 512 ) (260 380 516 ) 
6 15 21 (380 388 636 ) (320 448 576 ) (260 388 516 ) (260 252 516 ) (320 192 576 ) (380 252 636 ) 
3 15 20 (384 384 640 ) (380 388 636 ) (380 380 636 ) 
3 15 19 (380 260 636 ) (380 252 636 ) (384 256 640 ) 
3 15 18 (260 132 516 ) (320 192 576 ) (260 252 516 ) 
3 15 17 (320 448 576 ) (260 508 516 ) (260 388 516 ) 
3 15 16 (260 4 516 ) (320 64 576 ) (260 124 516 ) 
3 16 31 (260 4 516 ) (320 64 576 ) (260 124 636 ) 
3 16 25 (320 64 576 ) (260 124 516 ) (260 124 636 ) 
3 17 29 (260 388 636 ) (320 448 576 ) (260 508 516 ) 
3 17 21 (260 388 515.996094 ) (320.001953 448.001953 575.998047 ) (260 388 636 ) 
3 18 25 (260 132 516 ) (320 192 576 ) (260 252 636 ) 
3 18 21 (260 252 636.003906 ) (320.001953 191.998032 576.001953 ) (260 252 516 ) 
3 19 22 (260 252 636 ) (256 256 636 ) (260 260 636 ) 
4 19 21 (380 252 636 ) (260 252 636 ) (260 260 636 ) (380 260 636 ) 
3 20 23 (256 384 636 ) (260 388 636 ) (260 380 636 ) 
4 20 21 (260 388 636 ) (380 388 636 ) (380 380 636 ) (260 380 636 ) 
3 21 29 (380 388 636 ) (320 448 576 ) (260 388 636 ) 
3 21 25 (260 252 636 ) (320 192 576 ) (380 252 636 ) 
4 21 22 (260 252 516 ) (260 252 636 ) (260 260 636 ) (260 260 516 ) 
4 21 23 (260 380 636 ) (260 388 636 ) (260 388 516 ) (260 380 516 ) 
3 24 26 (260 124 636 ) (256 128 636 ) (260 132 636 ) 
4 24 25 (260 124 636 ) (260 132 636 ) (380 132 636 ) (380 124 636 ) 
3 25 31 (320 64 576 ) (380 124 636 ) (260 124 636 ) 
4 25 26 (260 124 636 ) (260 132 636 ) (260 132 516 ) (260 124 516 ) 
3 27 28 (388 508 636 ) (384 508 640 ) (380 508 636 ) 
4 27 29 (380 508 516 ) (388 508 516 ) (388 508 636 ) (380 508 636 ) 
4 28 29 (387.996094 388 636 ) (380 388 636 ) (380 508 636 ) (388 508 636 ) 
3 29 45 (388 388 636 ) (508 508 516 ) (388 508 636 ) 
3 30 32 (388 4 636 ) (384 4 640 ) (380 4 636 ) 
4 30 31 (388.003906 4 636 ) (380 4 636 ) (380 123.998032 636 ) (388 123.998032 636 ) 
3 31 44 (508 4 516 ) (388 124 636 ) (388 4 636 ) 
4 31 32 (380 4 516 ) (388 4 516 ) (388 4 636 ) (380 4 636 ) 
3 33 44 (508 4 516 ) (508 124 636 ) (448 64 576 ) 
3 33 38 (508 124 516 ) (448 64 576 ) (508 124 636 ) 
4 34 36 (512.001953 127.998055 636 ) (508.003937 124 636 ) (508 124 636 ) (508 132 636 ) 
4 34 38 (508 124 636 ) (388 124 636 ) (388 132 636 ) (508 132 636 ) 
3 35 37 (508 259.996094 636 ) (511.998047 255.998047 636 ) (508 252 636 ) 
5 35 38 (507.996155 260 636 ) (508 259.996094 636 ) (508 252 636 ) (388 252 636 ) (388 260 636 ) 
4 36 38 (508 124 516 ) (508 124 636 ) (508 132 636 ) (508 132 516 ) 
4 37 38 (508 252 636 ) (508 260 636 ) (508 260 516 ) (508 252 516 ) 
3 38 44 (388 124 636 ) (448 64 576 ) (508 124 636 ) 
3 38 42 (508 260 516 ) (388 380 636 ) (508 260 636 ) 
4 39 41 (508 387.998047 636.001953 ) (508 387.998047 636 ) (508 380 636 ) (508 384 640 ) 
3 39 40 (508 380 636 ) (508 388 636 ) (512 384 636 ) 
4 40 42 (508 387.998047 636 ) (508 387.998047 516 ) (508 380 516 ) (508 380 636 ) 
5 41 42 (507.996094 388 636 ) (508 387.996094 636 ) (508 380 636 ) (388 380 636 ) (388 388 636 ) 
3 42 45 (448 448 576 ) (388 388 636 ) (508 388 636 ) 
3 42 43 (447.998047 448.001953 576.001953 ) (508 388 636.003906 ) (508 388 516 ) 
3 43 45 (508 508 516 ) (448 448 576 ) (508 388 636 ) 
3 46 52 (508 124 380 ) (508 124 388 ) (512 128 384 ) 
3 46 49 (508 4 380 ) (508 0 384 ) (508 4 388 ) 
4 46 48 (508 124.003899 388 ) (508 124.003899 380 ) (508 4 380 ) (508 4 388 ) 
3 47 52 (508 124 508 ) (508 124 512 ) (512 128 512 ) 
3 47 50 (508 4 508 ) (508 0 512 ) (508 4 512 ) 
4 47 48 (508 124.003891 512 ) (508 124.003891 508 ) (508 4 508 ) (508 4 512 ) 
4 48 155 (480 96 352 ) (508 124 352 ) (508 32 352 ) (480 32 352 ) 
3 48 141 (416 32 352 ) (480 96 352 ) (480 32 352 ) 
5 48 55 (508 124 352 ) (416 32 352 ) (388 4 380 ) (388 4 512 ) (508 124 512 ) 
4 48 51 (388 4 380 ) (416 32 352 ) (508 32 352 ) (508 4 380 ) 
4 48 49 (388 4 388 ) (388 4 380 ) (508 4 380 ) (508 4 388 ) 
4 48 50 (388 4 512 ) (388 4 508 ) (508 4 508 ) (508 4 512 ) 
3 49 58 (388 4 380 ) (384 0 384 ) (388 4 388 ) 
3 50 58 (384 0 512 ) (388 4 512 ) (388 4 508 ) 
4 51 155 (480 32 352 ) (508 32 352 ) (508 4 352 ) (480 4 352 ) 
4 51 141 (388 4 352 ) (416 32 352 ) (480 32 352 ) (480 4 352 ) 
3 51 55 (416 32 352 ) (388 4 352 ) (388 4 380 ) 
3 52 154 (512 128 352 ) (508 124 352 ) (508 132 352 ) 
3 52 54 (512 128 512 ) (508 131.998032 508 ) (508 131.998032 512 ) 
4 52 53 (512 128 384 ) (512 128 383.998993 ) (508 131.998032 380 ) (508 131.998032 388 ) 
4 52 55 (508 132 352 ) (508 123.998062 352 ) (508 123.998070 512 ) (508 132 512 ) 
4 53 59 (511.998047 255.998032 384.001953 ) (511.998047 255.998032 383.998047 ) (508 252 380 ) (508 252 388 ) 
4 53 55 (508 252 388 ) (508 252 380 ) (508 132 380 ) (508 132 388 ) 
4 54 59 (511.998047 255.998032 512 ) (511.998047 255.998032 511.998047 ) (508 252 508 ) (508 252 512 ) 
4 54 55 (508 252 512 ) (508 252 508 ) (508 132 508 ) (508 132 512 ) 
3 55 158 (480 224 352 ) (508 252 352 ) (508 224 352 ) 
4 55 155 (480 224 352 ) (508 224 352 ) (508 124 352 ) (480 96 352 ) 
3 55 143 (260 4 352 ) (288 32 352 ) (288 4 352 ) 
5 55 141 (288 32 352 ) (480 224 352 ) (480 96 352 ) (388 4 352 ) (288 4 352 ) 
4 55 59 (508 252 352 ) (260 4 352 ) (260 4 512 ) (508 252 512 ) 
4 55 56 (260.003876 4 388 ) (260.003876 4 380 ) (380 4 380 ) (380 4 388 ) 
4 55 57 (260.003876 4 512 ) (260.003876 4 508 ) (380 4 508 ) (380 4 512 ) 
4 55 58 (380 4 352 ) (387.998047 4 352 ) (387.998047 4 512 ) (380 4 512 ) 
3 56 60 (256 0 384 ) (260 4 388 ) (260 4 380 ) 
4 56 58 (384 0 384 ) (384 0 383.998993 ) (380.001953 4 380 ) (380.001953 4 388 ) 
3 57 61 (256 0 512 ) (260 4 512 ) (260 4 508 ) 
3 57 58 (384 0 512 ) (380.001953 4 508 ) (380.001953 4 512 ) 
3 58 142 (384 0 352 ) (380 4 352 ) (388 4 352 ) 
4 59 158 (480 288 352 ) (508 260 352 ) (508 252 352 ) (480 224 352 ) 
3 59 157 (508 260 352 ) (512 256 352 ) (508 252 352 ) 
4 59 151 (260 508 352 ) (288 480 352 ) (288 288 352 ) (260 260 352 ) 
4 59 144 (288 288 352 ) (288 96 352 ) (260 124 352 ) (260 260 352 ) 
4 59 143 (288 96 352 ) (288 32 352 ) (260 4 352 ) (260 124 352 ) 
4 59 141 (288 480 352 ) (480 288 352 ) (480 224 352 ) (288 32 352 ) 
4 59 78 (508 259.998993 352 ) (260 507.998047 352 ) (260 507.998047 512 ) (508 259.998047 512 ) 
3 59 69 (508 259.998077 508 ) (508 259.998047 512 ) (512 256 512 ) 
3 59 68 (508 259.998840 380 ) (508 259.998779 388 ) (512 256 384 ) 
4 59 66 (260 260 352 ) (260 252 352 ) (260 252 380 ) (260 260 380 ) 
4 59 67 (260 388 352 ) (260 380 352 ) (260 380 380 ) (260 388 380 ) 
4 59 65 (260 132 352 ) (260 124 352 ) (260 124 380 ) (260 132 380 ) 
4 59 63 (260 508 512 ) (260 508 508 ) (260 388 508 ) (260 388 512 ) 
4 59 62 (260 508 388 ) (260 508 380 ) (260 388 380 ) (260 388 388 ) 
4 59 64 (260 388 380 ) (260 124 380 ) (260 124 512 ) (260 388 512 ) 
4 59 61 (260 4 508 ) (260 4 512 ) (260 124 512 ) (260 124 508 ) 
4 59 60 (260 4 380 ) (260 4 388 ) (260 124 388 ) (260 124 380 ) 
3 60 64 (260 124 388 ) (260 124 380 ) (256 128 384 ) 
3 61 64 (260 124 512 ) (260 124 508 ) (256 128 512 ) 
3 62 73 (256 511.998047 384 ) (260 507.998047 388 ) (260 507.998047 380 ) 
3 62 64 (256 384 384 ) (260 388 380 ) (260 388 388 ) 
3 63 74 (256 511.998047 512 ) (260 507.998047 512 ) (260 507.998047 508 ) 
3 63 64 (256 384 512 ) (260 388 508 ) (260 388 512 ) 
4 64 79 (256 128 384 ) (256 128 512 ) (256 384 512 ) (256 384 384 ) 
3 64 66 (260 260 380 ) (260 252 380 ) (256 256 384 ) 
3 64 67 (260 388 380 ) (260 380 380 ) (256 384 384 ) 
3 64 65 (260 132 380 ) (260 124.003906 380 ) (256.001953 128.001953 383.998047 ) 
3 65 147 (256 128 352 ) (260 132 352 ) (260 124 352 ) 
3 66 148 (256 256 352 ) (260 260 352 ) (260 252 352 ) 
3 67 152 (256 384 352 ) (260 388 352 ) (260 380 352 ) 
4 68 78 (508 260 380 ) (508 260 388 ) (508 380 388 ) (508 380 380 ) 
3 68 70 (508 380.001953 380 ) (508 380.001953 388 ) (512 384.001923 384 ) 
4 69 78 (508 260 508 ) (508 260 512 ) (508 380 512 ) (508 380 508 ) 
3 69 70 (508 380.001953 508 ) (508 380.001953 512 ) (512 384.001953 512 ) 
3 70 161 (508 380 352 ) (508 388 352 ) (512 384 352 ) 
4 70 78 (508 388 352 ) (508 380 352 ) (508 380 512 ) (508 388 512 ) 
3 70 72 (512 384 512 ) (508 388 508 ) (508 388 512 ) 
3 70 71 (512 384 384 ) (508 388 380 ) (508 388 388 ) 
3 71 76 (508 508 388 ) (508 512 384 ) (508 508 380 ) 
4 71 78 (508 388 380 ) (508 388 388 ) (508 508 388 ) (508 508 380 ) 
3 72 77 (508 508 512 ) (508 512 512 ) (508 508 508 ) 
4 72 78 (508 388 508 ) (508 388 512 ) (508 508 512 ) (508 508 508 ) 
4 73 78 (260 508 388 ) (260 508 380 ) (380 508 380 ) (380 508 388 ) 
3 73 75 (380 508 388 ) (380 508 380 ) (384 512 384 ) 
4 74 78 (260 508 512 ) (260 508 508 ) (380 508 508 ) (380 508 512 ) 
3 74 75 (380 508 512 ) (380 508 508 ) (384 512 512 ) 
3 75 140 (384 512 352 ) (388 508 352 ) (380 508 352 ) 
3 75 77 (388 508 512 ) (388 508 508 ) (384 512 512 ) 
3 75 76 (388 508 388 ) (388 508 380 ) (384 512 384 ) 
4 75 78 (380 508 352 ) (388 508 352 ) (388 508 512 ) (380 508 512 ) 
4 76 78 (508 508 380 ) (508 508 388 ) (388 508 388 ) (388 508 380 ) 
4 77 78 (508 508 508 ) (508 508 512 ) (388 508 512 ) (388 508 508 ) 
4 78 162 (480 352 352 ) (480 508 352 ) (508 508 352 ) (508 352 352 ) 
4 78 160 (508 260 352 ) (480 288 352 ) (480 352 352 ) (508 352 352 ) 
3 78 151 (288 480 352 ) (260 508 352 ) (288 508 352 ) 
4 78 141 (480 288 352 ) (288 480 352 ) (288 508 352 ) (480 508 352 ) 
4 79 165 (128 128 352 ) (128 256 352 ) (256 256 352 ) (256 128 352 ) 
4 79 164 (128 256 352 ) (128 384 352 ) (256 384 352 ) (256 256 352 ) 
4 79 116 (128 160 416 ) (128 160 480 ) (128 224 480 ) (128 224 416 ) 
4 79 93 (128 288 416 ) (128 288 480 ) (128 352 480 ) (128 352 416 ) 
4 80 89 (128 352 480 ) (128 352 512 ) (124 352 508 ) (124 352 484 ) 
3 80 91 (124 352 508 ) (112 352 496 ) (124 352 484 ) 
3 80 87 (127 352 481 ) (112 352 496 ) (97 352 481 ) 
5 80 85 (96 352 480 ) (124 352 508 ) (124 356 508 ) (100 380 484 ) (96 380 480 ) 
4 80 84 (100 380 480 ) (100 380 484 ) (124 356 508 ) (124 356 480 ) 
4 80 81 (96 353 480 ) (96 380 480 ) (100.003906 380 480 ) (127.003906 353 480 ) 
4 81 85 (96 353 480 ) (96 380 480 ) (32 380 416 ) (32 353 416 ) 
4 81 84 (100 380 416 ) (100 380 480 ) (124 356 480 ) (124 356 416 ) 
3 81 82 (32 353 416 ) (96 353 416 ) (96 353 480 ) 
4 81 83 (32.007813 353 416 ) (32.007813 380 416 ) (100.003906 380 416 ) (127.003906 353 416 ) 
3 82 93 (96 352 480 ) (32 352 416 ) (96 352 416 ) 
4 82 85 (32 352 416 ) (96 352 480 ) (96 353 480 ) (32 353 416 ) 
4 82 83 (32.007813 352 416 ) (32.007813 353 416 ) (96 353 416 ) (96 352 416 ) 
4 83 97 (124 352 388 ) (128 352 388 ) (128 352 416 ) (124 352 412 ) 
3 83 99 (124 352 388 ) (124 352 412 ) (112 352 400 ) 
3 83 96 (100 352 388 ) (124 352 388 ) (112 352 400 ) 
4 83 95 (4 352 388 ) (100 352 388 ) (127 352 415 ) (31 352 415 ) 
4 83 94 (96 352 416 ) (32 352 416 ) (31 352 415 ) (96 352 415 ) 
3 83 86 (128 352 388 ) (124 352 388 ) (124 356 388 ) 
4 83 85 (4 380 388 ) (4 352 388 ) (32 352 416 ) (32 380 416 ) 
4 83 84 (124 356 388 ) (100 380 388 ) (100 380 416 ) (124 356 416 ) 
3 84 85 (124 380 508 ) (100 380 484 ) (124 356 508 ) 
3 85 95 (4 352 415 ) (4 352 388 ) (31 352 415 ) 
4 85 94 (4 352 416 ) (4 352 415 ) (31 352 415 ) (32 352 416 ) 
3 85 92 (112 352 496 ) (124 352 508 ) (100 352 508 ) 
4 85 88 (4 352 481 ) (4 352 480 ) (96 352 480 ) (96 352 481 ) 
5 85 87 (4 352 508 ) (4 352 481 ) (97 352 481 ) (112 352 496 ) (100 352 508 ) 
4 85 93 (4 352 480 ) (4 352 416 ) (32 352 416 ) (96 352 480 ) 
3 86 97 (128 352 384 ) (128 352 388 ) (124 352 388 ) 
5 87 106 (4 288 508 ) (4 288 481 ) (97 288 481 ) (112 288 496 ) (100 288 508 ) 
3 87 101 (97 288 481 ) (127 288 481 ) (112 288 496 ) 
4 87 92 (100.002396 288 508 ) (112.001099 288 496.001099 ) (112 352 496 ) (100.001953 352 508 ) 
4 87 90 (124 288 484.002014 ) (127.001968 288 481 ) (127.001968 288.998047 481 ) (124 292 484.002014 ) 
4 87 89 (127.001953 351.001953 481 ) (127.001953 352 481 ) (124 352 484.001953 ) (124 348 484.001953 ) 
4 87 91 (112.001099 288 496.001099 ) (124 288 484.002014 ) (124 352 484.001953 ) (112 352 496 ) 
4 87 88 (4 352 481 ) (96 352 481 ) (96 288 481 ) (4 288 481 ) 
4 88 106 (4 288 481 ) (4 288 480 ) (96 288 480 ) (96 288 481 ) 
4 88 93 (96 288 480 ) (4 288 480 ) (4 352 480 ) (96 352 480 ) 
4 89 91 (124 352 484 ) (124 348 484 ) (124 348 507.994141 ) (124 352 507.994141 ) 
4 90 101 (124 288 484 ) (128 288 480 ) (128 288 512 ) (124 288 508 ) 
4 90 91 (124 292 484 ) (124 288 484 ) (124 288 507.994141 ) (124 292 507.994141 ) 
3 91 101 (112 288 496 ) (124 288 484 ) (124 288 508 ) 
4 91 92 (124 352 508 ) (112 352 496 ) (112 288 496 ) (124 288 508 ) 
3 92 106 (100 288 508 ) (112 288 496 ) (124 288 508 ) 
4 93 106 (4 288 480 ) (4 288 416 ) (32 288 416 ) (96 288 480 ) 
3 93 102 (96 288 416 ) (96 288 480 ) (64 288 448 ) 
3 93 100 (32 288 416 ) (96 288 416 ) (64 288 448 ) 
4 93 94 (96 288 416 ) (4 288 416 ) (4 352 416 ) (96 352 416 ) 
4 94 106 (4 288 416 ) (4 288 415 ) (31 288 415 ) (32 288 416 ) 
4 94 100 (31 288 415 ) (96 288 415 ) (96 288 416 ) (32 288 416 ) 
4 94 95 (4 352 415 ) (96 352 415 ) (96 288 415 ) (4 288 415 ) 
3 95 106 (4 288 415 ) (4 288 388 ) (31 288 415 ) 
3 95 104 (112 288 400 ) (127 288 415 ) (97 288 415 ) 
5 95 100 (4 288 388 ) (100 288 388 ) (112 288 400 ) (97 288 415 ) (31 288 415 ) 
4 95 98 (127 289 415 ) (127 288 415 ) (124 288 412 ) (124 292 412 ) 
4 95 97 (124 352 412 ) (127 352 415 ) (127 351 415 ) (124 348 412 ) 
4 95 99 (112 352 400 ) (124 352 412 ) (124 288 412 ) (112 288 400 ) 
4 95 96 (100 352 388 ) (112 352 400 ) (112 288 400 ) (100 288 388 ) 
3 96 100 (124 288 388 ) (112 288 400 ) (100 288 388 ) 
4 96 99 (124 352 388 ) (112 352 400 ) (112 288 400 ) (124 288 388 ) 
4 97 99 (124 352 388.001953 ) (124 348 388.001953 ) (124 348 412 ) (124 352 412 ) 
4 98 104 (128 288 384 ) (128 288 416 ) (124 288 412 ) (124 288 388 ) 
4 98 99 (124 292 388.001953 ) (124 288 388.001953 ) (124 288 412 ) (124 292 412 ) 
3 99 104 (124 288 412 ) (112 288 400 ) (124 288 388 ) 
4 100 106 (64 288 448 ) (4 288 388 ) (4 260 388 ) (64 260 448 ) 
3 100 105 (100 260 412 ) (124 260 388 ) (124 284 388 ) 
4 100 102 (96 288 416 ) (64 288 448 ) (64 287 448 ) (96 287 416 ) 
4 100 103 (64 287 448 ) (64 260 448 ) (96 260 416 ) (96 287 416 ) 
5 100 104 (124 288 388 ) (96 288 416 ) (96 260 416 ) (100 260 412 ) (124 284 388 ) 
5 101 106 (124 288 508 ) (96 288 480 ) (96 260 480 ) (100 260 484 ) (124 284 508 ) 
4 101 105 (99.998062 260 483.996094 ) (99.998062 260 480 ) (124 284 480 ) (124 284 507.996368 ) 
4 101 103 (126.996094 287 480 ) (99.996094 260 480 ) (96 260 480 ) (96 287 480 ) 
4 102 106 (96 288 480 ) (64 288 448 ) (64 287 448 ) (96 287 480 ) 
3 102 103 (96 287 416 ) (96 287 480 ) (64 287 448 ) 
4 103 106 (64 287 448 ) (64 260 448 ) (96 260 480 ) (96 287 480 ) 
4 103 105 (99.998062 260 480 ) (99.998062 260 416 ) (124 284.001526 416 ) (124 284 480 ) 
4 103 104 (126.996094 287 416 ) (99.996094 260 416 ) (96 260 416 ) (96 287 416 ) 
4 104 105 (99.998062 260 416 ) (99.998062 260 412 ) (124 284.001953 387.998047 ) (124 284.001526 416 ) 
3 105 106 (124 284 508 ) (100 260 484 ) (124 260 508 ) 
3 107 114 (124 225 480 ) (124 228 480 ) (127 225 480 ) 
4 107 110 (128 224 480 ) (128 224 512 ) (124 224 508 ) (124 224 484 ) 
3 107 109 (127 224 481 ) (124 224 484 ) (124 224 481 ) 
4 107 108 (124 228 480 ) (124 224 480 ) (124 224 508 ) (124 228 508 ) 
3 108 117 (100 252 480 ) (124 252 480 ) (124 228 480 ) 
4 108 115 (4 224 480 ) (4 225 480 ) (96 225 480 ) (96 224 480 ) 
5 108 114 (4 225 480 ) (4 252 480 ) (100 252 480 ) (124 228 480 ) (124 225 480 ) 
4 108 113 (4 224 481 ) (4 224 480 ) (96 224 480 ) (96 224 481 ) 
4 108 112 (4 224 508 ) (4 224 481 ) (124 224 481 ) (124 224 508 ) 
3 109 133 (127 160 481 ) (124 160 484 ) (124 160 481 ) 
4 109 112 (124 224 484 ) (124 224 481 ) (124 160 481 ) (124 160 484 ) 
4 109 111 (124 164 484 ) (124 160 484 ) (127 160 481 ) (127 161 481 ) 
4 109 110 (127 224 481 ) (124 224 484 ) (124 220 484 ) (127 223 481 ) 
4 110 112 (124 224 508 ) (124 224 484 ) (124 220 484 ) (124 220 508 ) 
4 111 133 (128 160 480 ) (128 160 508 ) (124 160 508 ) (124 160 484 ) 
3 111 126 (128 160 508 ) (128 160 512 ) (124 160 508 ) 
4 111 112 (124 164 484 ) (124 160 484 ) (124 160 508 ) (124 164 508 ) 
4 112 133 (4 160 508 ) (31 160 481 ) (124 160 481 ) (124 160 508 ) 
3 112 127 (4 160 508 ) (4 160 481 ) (31 160 481 ) 
4 112 113 (4 224 481 ) (96 224 481 ) (96 160 481 ) (4 160 481 ) 
4 113 133 (32 160 480 ) (96 160 480 ) (96 160 481 ) (31 160 481 ) 
4 113 127 (4 160 481 ) (4 160 480 ) (32 160 480 ) (31 160 481 ) 
4 113 116 (96 160 480 ) (4 160 480 ) (4 224 480 ) (96 224 480 ) 
5 114 122 (4 225 416 ) (4 252 416 ) (100 252 416 ) (124 228 416 ) (124 225 416 ) 
3 114 118 (124 228 416 ) (127 225 416 ) (124 225 416 ) 
4 114 117 (124 228 416 ) (100 252 416 ) (100 252 480 ) (124 228 480 ) 
4 114 115 (4 225 416 ) (96 225 416 ) (96 225 480 ) (4 225 480 ) 
4 115 122 (4 224 416 ) (4 225 416 ) (96 225 416 ) (96 224 416 ) 
4 115 116 (4 224 416 ) (96 224 416 ) (96 224 480 ) (4 224 480 ) 
3 116 134 (96 160 416 ) (96 160 480 ) (32 160 480 ) 
4 116 127 (4 160 480 ) (4 160 416 ) (96 160 416 ) (32 160 480 ) 
4 116 123 (96 160 416 ) (4 160 416 ) (4 224 416 ) (96 224 416 ) 
3 117 122 (100 252 416 ) (124 252 416 ) (124 228 416 ) 
4 118 124 (124 228 415 ) (124 228 388 ) (124 224 388 ) (124 224 415 ) 
4 118 122 (124 224 416 ) (124 228 416 ) (124 228 415 ) (124 224 415 ) 
4 118 120 (124 224 412 ) (124 224 388 ) (128 224 384 ) (128 224 416 ) 
3 118 119 (124 224 415 ) (124 224 412 ) (127 224 415 ) 
3 119 136 (124 160 415 ) (124 160 412 ) (127 160 415 ) 
4 119 124 (124 160 412 ) (124 160 415 ) (124 224 415 ) (124 224 412 ) 
4 119 121 (124 160 412 ) (124 164 412 ) (127 161 415 ) (127 160 415 ) 
4 119 120 (124 220 412 ) (124 224 412 ) (127 224 415 ) (127 223 415 ) 
4 120 124 (124 220 412 ) (124 224 412 ) (124 224 388 ) (124 220 388 ) 
4 121 136 (128 160 384 ) (128 160 416 ) (124 160 412 ) (124 160 388 ) 
4 121 124 (124 160 388 ) (124 160 412 ) (124 164 412 ) (124 164 388 ) 
4 122 124 (4 252 415 ) (124 252 415 ) (124 224 415 ) (4 224 415 ) 
4 122 123 (4 224 415 ) (96 224 415 ) (96 224 416 ) (4 224 416 ) 
4 123 127 (4 160 416 ) (4 160 415 ) (96 160 415 ) (96 160 416 ) 
4 123 124 (96 160 415 ) (4 160 415 ) (4 224 415 ) (96 224 415 ) 
3 124 136 (124 160 388 ) (124 160 415 ) (97 160 415 ) 
4 124 127 (4 160 415 ) (4 160 388 ) (124 160 388 ) (97 160 415 ) 
4 125 173 (32 160 352 ) (31 160 352 ) (31 252 352 ) (32 252 352 ) 
4 125 174 (31 160 352 ) (4 160 352 ) (4 252 352 ) (31 252 352 ) 
4 125 167 (97 160 352 ) (96 160 352 ) (96 252 352 ) (97 252 352 ) 
4 125 166 (124 160 352 ) (97 160 352 ) (97 252 352 ) (124 252 352 ) 
4 125 172 (96 160 352 ) (32 160 352 ) (32 252 352 ) (96 252 352 ) 
4 125 130 (96 160 353 ) (96 160 380 ) (32 160 380 ) (32 160 353 ) 
4 125 131 (4 160 380 ) (4 160 352 ) (32 160 352 ) (32 160 380 ) 
4 125 129 (96 160 352 ) (124 160 352 ) (124 160 380 ) (96 160 380 ) 
3 126 133 (124 156 508 ) (124 160 508 ) (128 160 508 ) 
3 127 137 (100 132 412 ) (124 132 388 ) (124 156 388 ) 
4 127 134 (96 160 416 ) (32 160 480 ) (32 159 480 ) (96 159 416 ) 
4 127 135 (32 159 480 ) (32 132 480 ) (96 132 416 ) (96 159 416 ) 
5 127 136 (124 160 388 ) (96 160 416 ) (96 132 416 ) (100 132 412 ) (124 156 388 ) 
4 127 133 (32 160 480 ) (4 160 508 ) (4 132 508 ) (32 132 480 ) 
3 128 171 (128 128 352 ) (124 128 352 ) (124 132 352 ) 
3 128 129 (124 128 352 ) (124 132 356 ) (124 132 352 ) 
4 129 171 (124 128 352 ) (96 128 352 ) (100 132 352 ) (124 132 352 ) 
3 129 169 (100 132 352 ) (112 144 352 ) (124 132 352 ) 
3 129 168 (112 144 352 ) (124 156 352 ) (124 132 352 ) 
4 129 166 (97 160 352 ) (124 160 352 ) (124 156 352 ) (97 129 352 ) 
4 129 132 (124 132 356 ) (124 156 380 ) (96 156 380 ) (96 132 356 ) 
4 129 130 (96 129 353 ) (96 156 380 ) (96 160 380 ) (96 160 353 ) 
4 130 132 (96 156 380 ) (32 156 380 ) (32 132 356 ) (96 132 356 ) 
4 130 131 (32 129 353 ) (32 156 380 ) (32 160 380 ) (32 160 353 ) 
4 131 178 (32 128 352 ) (4 128 352 ) (4 132 352 ) (28 132 352 ) 
3 131 176 (4 132 352 ) (16 144 352 ) (28 132 352 ) 
3 131 175 (4 132 352 ) (4 156 352 ) (16 144 352 ) 
4 131 174 (31 129 352 ) (4 156 352 ) (4 160 352 ) (31 160 352 ) 
3 131 138 (4 132 352 ) (4 128 352 ) (4 132 356 ) 
4 131 132 (32 156 380 ) (4 156 380 ) (4 132 356 ) (32 132 356 ) 
4 133 137 (100 132 508 ) (100 132 480 ) (124 156 480 ) (124 156 508 ) 
4 133 134 (96 159 480 ) (32 159 480 ) (32 160 480 ) (96 160 480 ) 
4 133 135 (127 159 480 ) (100 132 480 ) (32 132 480 ) (32 159 480 ) 
3 134 135 (96 159 416 ) (96 159 480 ) (32 159 480 ) 
4 135 137 (100 132 480 ) (100 132 416 ) (124 156 416 ) (124 156 480 ) 
4 135 136 (127 159 416 ) (100 132 416 ) (96 132 416 ) (96 159 416 ) 
4 136 137 (100 132 416 ) (100 132 412 ) (124 156 388 ) (124 156 416 ) 
3 138 178 (0 128 352 ) (4 132 352 ) (4 128 352 ) 
4 139 206 (0 0 1152 ) (0 0 1156 ) (0 124 1156 ) (0 124 1152 ) 
4 139 205 (0 0 1156 ) (0 0 1276 ) (0 124 1276 ) (0 124 1156 ) 
4 139 204 (0 0 1276 ) (0 0 1280 ) (0 124 1280 ) (0 124 1276 ) 
4 139 198 (0 124 1152 ) (0 124 1280 ) (0 128 1280 ) (0 128 1152 ) 
4 139 197 (128 0 352 ) (0 0 352 ) (0 4 352 ) (128 4 352 ) 
4 139 196 (0 4 352 ) (0 128 352 ) (4 128 352 ) (4 4 352 ) 
4 139 194 (4 128 352 ) (124 128 352 ) (124 124 352 ) (4 124 352 ) 
4 139 195 (124 124 352 ) (124 4 352 ) (4 4 352 ) (4 124 352 ) 
4 139 193 (124 128 352 ) (128 128 352 ) (128 4 352 ) (124 4 352 ) 
5 140 141 (384 508 256 ) (388 508 260 ) (388 508 352 ) (380 508 352 ) (380 508 260 ) 
3 141 163 (388 388 260 ) (388 380 260 ) (384 384 256 ) 
4 141 162 (388 508 260 ) (480 508 352 ) (480 352 352 ) (388 260 260 ) 
3 141 160 (480 352 352 ) (480 288 352 ) (448 320 320 ) 
3 141 159 (384 256 256 ) (388 260 260 ) (388 252 260 ) 
5 141 158 (480 288 352 ) (480 224 352 ) (388 132 260 ) (388 260 260 ) (448 320 320 ) 
3 141 156 (384 128 256 ) (388 132 260 ) (388 124 260 ) 
4 141 155 (480 224 352 ) (480 4 352 ) (388 4 260 ) (388 132 260 ) 
3 141 153 (384 384 256 ) (380 380 260 ) (380 388 260 ) 
4 141 151 (288 508 352 ) (380 508 260 ) (380 380 260 ) (288 288 352 ) 
3 141 150 (380 260 260 ) (320 320 320 ) (380 380 260 ) 
3 141 149 (380 4 260 ) (320 64 320 ) (380 124 260 ) 
3 141 146 (384 256 256 ) (380 252 260 ) (380 260 260 ) 
3 141 145 (384 128 256 ) (380 124 260 ) (380 132 260 ) 
6 141 144 (380 124 260 ) (320 64 320 ) (288 96 352 ) (288 288 352 ) (320 320 320 ) (380 260 260 ) 
3 141 143 (380 4 260 ) (288 4 352 ) (288 96 352 ) 
5 141 142 (380 4 260 ) (384 4 256 ) (388 4 260 ) (388 4 352 ) (380 4 352 ) 
3 143 149 (380 4 260 ) (260 124 260 ) (320 64 320 ) 
4 143 144 (260 124 260 ) (260 124 352 ) (288 96 352 ) (320 64 320 ) 
4 144 151 (288 288 352 ) (320 320 320 ) (260 260 260 ) (260 260 352 ) 
3 144 150 (260 260 260 ) (320 320 320 ) (380 260 260 ) 
3 144 149 (320 64 320 ) (260 124 260 ) (380 124 260 ) 
4 144 148 (260 260 352 ) (260 260 260 ) (260 252 260 ) (260 252 352 ) 
5 144 147 (260 132 260 ) (260 124 260 ) (260 123.996094 260.003906 ) (260 123.996094 352 ) (260 132 352 ) 
4 144 146 (260 252 260 ) (260 260 260 ) (380 260 260 ) (380 252 260 ) 
4 144 145 (380 124 260 ) (260 124 260 ) (260 132 260 ) (380 132 260 ) 
3 145 147 (260 128 256 ) (260 124 260 ) (260 132 260 ) 
3 146 148 (260 260 260 ) (260 256 256 ) (260 252 260 ) 
3 150 151 (320 320 320 ) (380 380 260 ) (260 260 260 ) 
4 151 153 (380 380 260 ) (260 380 260 ) (260 388 260 ) (380 388 260 ) 
4 151 152 (260 388 260 ) (260 380 260 ) (260 380 352 ) (260 388 352 ) 
3 152 153 (256 384 260 ) (260 388 260 ) (260 380 260 ) 
3 154 156 (508 132 260 ) (508 128 256 ) (508 124 260 ) 
4 154 155 (508 132 260 ) (508 124 260 ) (508 124 352 ) (508 132 352 ) 
4 155 158 (388 132 260 ) (480 224 352 ) (508 224 352 ) (508 132 260 ) 
4 155 156 (388 132.003906 260 ) (508 132.003906 260 ) (508 124 260 ) (388 124 260 ) 
3 157 159 (508 260 260 ) (508 256 256 ) (508 252 260 ) 
4 157 158 (508 252 352 ) (508 260 352 ) (508 260 260 ) (508 252 260 ) 
3 158 162 (387.998047 260 260 ) (448 320 320 ) (508 260 260 ) 
4 158 160 (508 260 259.996094 ) (447.998077 320.001953 319.998016 ) (480 288 352 ) (508 260 352 ) 
4 158 159 (388 260 260 ) (508 260 260 ) (508 252 260 ) (388 252 260 ) 
4 160 162 (508 260 260 ) (448 320 320 ) (479.998779 352 352 ) (508 352 352 ) 
3 161 163 (508 388 260 ) (508 384 256 ) (508 380 260 ) 
4 161 162 (508 380 352 ) (508 388 352 ) (508 388 260 ) (508 380 260 ) 
4 162 163 (508 388 260 ) (508 380 260 ) (388 380 260 ) (388 388 260 ) 
4 164 165 (128 256 352 ) (128 256 256 ) (256 256 256 ) (256 256 352 ) 
3 166 181 (112 144 288 ) (97 129 288 ) (97 159 288 ) 
5 166 179 (97 252 288 ) (124 252 288 ) (124 156 288 ) (112 144 288 ) (97 159 288 ) 
4 166 171 (100 132 348 ) (100 132 352 ) (97 129 352 ) (97 129 351 ) 
4 166 170 (97 129 288 ) (100 132 288 ) (100 132 292 ) (97 129 289 ) 
4 166 169 (100 132 288 ) (112 144 288 ) (112 144 352 ) (100 132 352 ) 
4 166 168 (112 144 288 ) (124 156 288 ) (124 156 352 ) (112 144 352 ) 
4 166 167 (97 252 352 ) (97 252 288 ) (97 160 288 ) (97 160 352 ) 
4 167 179 (96 160 288 ) (96 252 288 ) (97 252 288 ) (97 160 288 ) 
4 167 172 (96 252 352 ) (96 252 288 ) (96 160 288 ) (96 160 352 ) 
3 168 179 (124 132 288 ) (112 144 288 ) (124 156 288 ) 
4 168 169 (112 144 352 ) (112 144 288 ) (124 132 288 ) (124 132 352 ) 
3 169 181 (100 132 288 ) (112 144 288 ) (124 132 288 ) 
4 169 171 (100 132 352 ) (100 132 348 ) (123.998039 132 348 ) (123.998039 132 352 ) 
4 169 170 (100 132 292 ) (100 132 288 ) (123.998039 132 288 ) (123.998039 132 292 ) 
4 170 181 (128 128 288 ) (96 128 288 ) (100 132 288 ) (124 132 288 ) 
4 172 194 (96 128 352 ) (32 128 352 ) (32 128 288 ) (96 128 288 ) 
3 172 182 (32 160 288 ) (64 192 288 ) (96 160 288 ) 
3 172 180 (32 160 288 ) (32 224 288 ) (64 192 288 ) 
4 172 179 (32 224 288 ) (32 252 288 ) (96 252 288 ) (96 160 288 ) 
4 172 173 (32 252 288 ) (32 160 288 ) (32 160 352 ) (32 252 352 ) 
4 173 180 (31 160 288 ) (31 225 288 ) (32 224 288 ) (32 160 288 ) 
4 173 179 (31 225 288 ) (31 252 288 ) (32 252 288 ) (32 224 288 ) 
4 173 174 (31 252 352 ) (31 252 288 ) (31 160 288 ) (31 160 352 ) 
3 174 184 (31 129 288 ) (16 144 288 ) (31 159 288 ) 
5 174 180 (16 144 288 ) (4 156 288 ) (4 252 288 ) (31 225 288 ) (31 159 288 ) 
3 174 179 (4 252 288 ) (31 252 288 ) (31 225 288 ) 
4 174 178 (31 129 351 ) (31 129 352 ) (28 132 352 ) (28 132 348 ) 
4 174 177 (28 132 288 ) (31 129 288 ) (31 129 289 ) (28 132 292 ) 
4 174 176 (16 144 288 ) (28 132 288 ) (28 132 352 ) (16 144 352 ) 
4 174 175 (4 156 288 ) (16 144 288 ) (16 144 352 ) (4 156 352 ) 
3 175 180 (4 156 288 ) (16 144 288 ) (4 132 288 ) 
4 175 176 (4 132 288 ) (16.001945 144.001938 288 ) (16.001944 144.001938 352 ) (4 132 352 ) 
3 176 184 (4 132 288 ) (16 144 288 ) (28 132 288 ) 
4 176 178 (4.005849 132 352 ) (4.005849 132 348 ) (28.001961 132 348 ) (28.001961 132 352 ) 
4 176 177 (4.005851 132 292 ) (4.005851 132 288 ) (28.001959 132 288 ) (28.001959 132 292 ) 
4 177 184 (32 128 288 ) (0 128 288 ) (4 132 288 ) (28 132 288 ) 
3 179 185 (124 132 260 ) (124 132 284 ) (100 156 260 ) 
4 179 182 (96 160 288 ) (64 192 288 ) (64 192 287 ) (96 160 287 ) 
4 179 183 (64 192 287 ) (64 192 260 ) (96 160 260 ) (96 160 287 ) 
5 179 181 (124 132 284 ) (124 132 288 ) (96 160 288 ) (96 160 260 ) (100 156 260 ) 
4 179 180 (64 192 288 ) (4 252 288 ) (4 252 260 ) (64 192 260 ) 
3 180 185 (4 132 284 ) (4 132 260 ) (28 156 260 ) 
4 180 182 (63.998055 191.998062 287 ) (63.998055 191.998062 288 ) (32 160 288 ) (32 160 287 ) 
4 180 183 (63.998055 191.998062 260 ) (63.998055 191.998062 287 ) (32 160 287 ) (32 160 260 ) 
5 180 184 (32 160 288 ) (4 132 288 ) (4 132 284 ) (28 156 260 ) (32 160 260 ) 
4 181 185 (96 156 260 ) (100 156 260 ) (124 132 284 ) (96 132 284 ) 
4 181 183 (96 160 287 ) (96 160 260 ) (96 156 260 ) (96 129 287 ) 
3 182 183 (32 160 287 ) (64 192 287 ) (96 160 287 ) 
4 183 185 (32 156 260 ) (96 156 260 ) (96 132 284 ) (32 132 284 ) 
4 183 184 (32 160 287 ) (32 160 260 ) (32 156 260 ) (32 129 287 ) 
4 184 185 (4 132 284 ) (28 156 260 ) (32 156 260 ) (32 132 284 ) 
4 186 188 (0 248 136 ) (0 376 136 ) (64 376 136 ) (64 248 136 ) 
4 186 187 (128 504 136 ) (128 184 136 ) (64 184 136 ) (64 504 136 ) 
4 187 189 (64 184 128 ) (64 504 128 ) (128 504 128 ) (128 184 128 ) 
4 187 188 (64 376 128 ) (64 248 128 ) (64 248 136 ) (64 376 136 ) 
4 188 189 (0 248 128 ) (0 376 128 ) (64 376 128 ) (64 248 128 ) 
4 189 190 (128 152 1 ) (128 152 128 ) (0 152 128 ) (0 152 1 ) 
4 190 191 (0 146 0 ) (128 146 0 ) (128 146 128 ) (0 146 128 ) 
4 191 192 (0 144 0 ) (128 144 0 ) (128 144 128 ) (0 144 128 ) 
4 192 196 (4 128 128 ) (0 128 128 ) (0 128 0 ) (4 128 0 ) 
4 192 194 (124 128 128 ) (4 128 128 ) (4 128 0 ) (124 128 0 ) 
4 192 193 (128 128 0 ) (128 128 128 ) (124 128 128 ) (124 128 0 ) 
4 193 197 (128 4 0 ) (128 4 352 ) (124 4 352 ) (124 4 -4 ) 
4 193 194 (124 128 352 ) (124 128 0 ) (124 124 -4 ) (124 124 352 ) 
4 193 195 (124 124 -4 ) (124 4 -4 ) (124 4 352 ) (124 124 352 ) 
4 194 196 (4 128 352 ) (4 128 0 ) (4 124 -4 ) (4 124 352 ) 
4 194 195 (4 124 352 ) (4 124 -4 ) (124 124 -4 ) (124 124 352 ) 
4 195 197 (124 4 -4 ) (124 4 352 ) (4 4 352 ) (4 4 -4 ) 
4 195 196 (4 4 -4 ) (4 4 352 ) (4 124 352 ) (4 124 -4 ) 
4 196 212 (0 32 352 ) (0 96 352 ) (0 96 288 ) (0 32 288 ) 
4 196 197 (4 4 -4 ) (4 4 352 ) (0 4 352 ) (0 4 0 ) 
4 197 310 (64 0 128 ) (0 0 128 ) (0 0 0 ) (64 0 0 ) 
4 197 304 (128 0 0 ) (128 0 128 ) (64 0 128 ) (64 0 0 ) 
3 198 206 (0 124 1152 ) (0 124 1156 ) (-4 124 1156 ) 
4 198 205 (0 124 1156 ) (0 124 1276 ) (-4 124 1276 ) (-4 124 1156 ) 
3 198 204 (0 124 1276 ) (0 124 1280 ) (-4 124 1276 ) 
3 199 211 (-4 97 352 ) (-4 100 352 ) (-1 97 352 ) 
4 199 209 (-4 100 352 ) (-4 96 352 ) (-4 96 353 ) (-4 100 353 ) 
4 199 208 (-4 96 353 ) (-4 96 380 ) (-4 100 380 ) (-4 100 353 ) 
4 199 201 (0 96 384 ) (-4 96 380 ) (-4 96 356 ) (0 96 352 ) 
3 199 200 (-4 96 356 ) (-4 96 353 ) (-1 96 353 ) 
4 200 208 (-4 32 353 ) (-4 32 356 ) (-4 96 356 ) (-4 96 353 ) 
3 200 203 (-4 32 356 ) (-4 32 353 ) (-1 32 353 ) 
4 200 202 (-4 32 356 ) (-1 32 353 ) (-1 33 353 ) (-4 36 356 ) 
4 200 201 (-1 95 353 ) (-1 96 353 ) (-4 96 356 ) (-4 92 356 ) 
4 201 208 (-4 92 380 ) (-4 96 380 ) (-4 96 356 ) (-4 92 356 ) 
4 202 208 (-4 32 356 ) (-4 32 380 ) (-4 36 380 ) (-4 36 356 ) 
4 202 203 (0 32 384 ) (-4 32 380 ) (-4 32 356 ) (0 32 352 ) 
3 203 214 (-4 28 352 ) (-4 31 352 ) (-1 31 352 ) 
4 203 210 (-4 32 352 ) (-4 28 352 ) (-4 28 353 ) (-4 32 353 ) 
4 203 208 (-4 28 353 ) (-4 28 380 ) (-4 32 380 ) (-4 32 353 ) 
4 204 205 (-4 4 1276 ) (-4 124 1276 ) (0 124 1276 ) (0 0 1276 ) 
4 205 207 (-4 124 1276 ) (-4 124 1156 ) (-4 4 1156 ) (-4 4 1276 ) 
4 205 206 (0 0 1156 ) (-4 4 1156 ) (-4 124 1156 ) (0 124 1156 ) 
4 207 224 (-32 4 1276 ) (-32 124 1276 ) (-32 124 1156 ) (-32 4 1156 ) 
4 208 225 (-32 4 380 ) (-32 124 380 ) (-32 124 353 ) (-32 4 353 ) 
4 208 209 (-32 96 353 ) (-32 124 353 ) (-4 124 353 ) (-4 96 353 ) 
4 208 210 (-4 4 353 ) (-32 4 353 ) (-32 32 353 ) (-4 32 353 ) 
4 209 225 (-32 124 353 ) (-32 124 352 ) (-32 96 352 ) (-32 96 353 ) 
3 209 213 (-28 124 352 ) (-4 124 352 ) (-4 100 352 ) 
5 209 211 (-32 97 352 ) (-32 124 352 ) (-28 124 352 ) (-4 100 352 ) (-4 97 352 ) 
4 210 225 (-32 32 352 ) (-32 4 352 ) (-32 4 353 ) (-32 32 353 ) 
4 210 215 (-32 4 352 ) (-32 31 352 ) (-4 31 352 ) (-4 4 352 ) 
4 211 225 (-32 97 352 ) (-32 124 352 ) (-32 124 288 ) (-32 97 288 ) 
5 211 221 (-32 97 288 ) (-32 124 288 ) (-28 124 288 ) (-4 100 288 ) (-4 97 288 ) 
3 211 216 (-4 100 288 ) (-1 97 288 ) (-4 97 288 ) 
4 211 213 (-4 100 288 ) (-28 124 288 ) (-28 124 352 ) (-4 100 352 ) 
4 212 225 (-32 32 352 ) (-32 96 352 ) (-32 96 288 ) (-32 32 288 ) 
3 213 221 (-28 124 288 ) (-4 124 288 ) (-4 100 288 ) 
3 214 220 (-4 28 288 ) (-4 31 288 ) (-1 31 288 ) 
4 214 215 (-4 31 352 ) (-4 31 288 ) (-4 28 288 ) (-4 28 352 ) 
4 215 225 (-32 4 352 ) (-32 31 352 ) (-32 31 288 ) (-32 4 288 ) 
4 215 222 (-32 4 288 ) (-32 31 288 ) (-4 31 288 ) (-4 4 288 ) 
4 216 223 (-4 100 287 ) (-4 100 260 ) (-4 96 260 ) (-4 96 287 ) 
4 216 221 (-4 96 288 ) (-4 100 288 ) (-4 100 287 ) (-4 96 287 ) 
4 216 218 (-4 96 284 ) (-4 96 259.996094 ) (0 96 255.996094 ) (0 96 288 ) 
3 216 217 (-4 96 287 ) (-4 96 284 ) (-1 96 287 ) 
4 217 223 (-4 96 287 ) (-4 96 284 ) (-4 32 284 ) (-4 32 287 ) 
3 217 220 (-4 32 287 ) (-4 32 284 ) (-1 32 287 ) 
4 217 219 (-1 32 287 ) (-4 32 284 ) (-4 36 284 ) (-1 33 287 ) 
4 217 218 (-4 92 284 ) (-4 96 284 ) (-1 96 287 ) (-1 95 287 ) 
4 218 223 (-4 96 284 ) (-4 96 260 ) (-4 92 260 ) (-4 92 284 ) 
4 219 223 (-4 36 260 ) (-4 32 260 ) (-4 32 284 ) (-4 36 284 ) 
4 219 220 (-4 32 284 ) (-4 32 259.996094 ) (0 32 255.996094 ) (0 32 288 ) 
4 220 223 (-4 32 287 ) (-4 32 260 ) (-4 28 260 ) (-4 28 287 ) 
4 220 222 (-4 28 288 ) (-4 32 288 ) (-4 32 287 ) (-4 28 287 ) 
4 221 225 (-32 96 288 ) (-32 124 288 ) (-32 124 287 ) (-32 96 287 ) 
4 221 223 (-32 96 287 ) (-32 124 287 ) (-4 124 287 ) (-4 96 287 ) 
4 222 225 (-32 4 287 ) (-32 4 288 ) (-32 32 288 ) (-32 32 287 ) 
4 222 223 (-4 4 287 ) (-32 4 287 ) (-32 32 287 ) (-4 32 287 ) 
4 223 225 (-32 4 260 ) (-32 4 287 ) (-32 124 287 ) (-32 124 260 ) 
4 226 258 (128 -8 252 ) (128 -128 252 ) (128 -128 256 ) (128 -8 256 ) 
4 226 255 (128 -4 252 ) (128 -8 252 ) (128 -8 256 ) (128 -4 256 ) 
4 226 254 (128 0 256 ) (128 0 252 ) (128 -4 252 ) (128 -4 256 ) 
3 226 238 (128 -128 256 ) (128 -128 252 ) (132 -128 252 ) 
3 226 227 (128 -128 256 ) (132 -128 252 ) (132 -124 252 ) 
4 226 228 (128 0 252 ) (132 -4 252 ) (132 -128 252 ) (128 -128 252 ) 
4 227 239 (128 -128 256 ) (132 -128 252 ) (144 -128 252 ) (144 -128 256 ) 
4 227 236 (144 -128 252 ) (252 -128 252 ) (252 -128 256 ) (144 -128 256 ) 
4 227 235 (252 -128 252 ) (256 -128 252 ) (256 -128 256 ) (252 -128 256 ) 
4 227 228 (252 -124 252 ) (256 -128 252 ) (132 -128 252 ) (132 -124 252 ) 
4 228 262 (128 -8 244 ) (128 -24 244 ) (128 -24 248 ) (128 -8 248 ) 
4 228 261 (128 -128 248 ) (128 -128 252 ) (128 -8 252 ) (128 -8 248 ) 
4 228 257 (128 -4 244 ) (128 -8 244 ) (128 -8 252 ) (128 -4 252 ) 
4 228 254 (128 0 252 ) (128 0 244 ) (128 -4 244 ) (128 -4 252 ) 
4 228 240 (128 -128 252 ) (128 -128 248 ) (144 -128 248 ) (144 -128 252 ) 
4 228 237 (144 -128 244 ) (252 -128 244 ) (252 -128 252 ) (144 -128 252 ) 
4 228 235 (252 -128 244 ) (256 -128 244 ) (256 -128 252 ) (252 -128 252 ) 
4 228 233 (252 -124 244 ) (132 -4 244 ) (132 -4 252 ) (252 -124 252 ) 
4 228 230 (128 0 244 ) (144 -16 244 ) (144 -24 244 ) (128 -24 244 ) 
3 228 229 (144 -16 244 ) (256 -128 244 ) (144 -128 244 ) 
5 229 299 (152 -24 128 ) (252 -124 128 ) (252 -128 128 ) (144 -128 128 ) (144 -24 128 ) 
3 229 291 (252 -124 128 ) (256 -128 128 ) (252 -128 128 ) 
4 229 237 (144 -128 128 ) (252 -128 128 ) (252 -128 244 ) (144 -128 244 ) 
4 229 235 (252 -128 128 ) (256 -128 128 ) (256 -128 244 ) (252 -128 244 ) 
4 229 233 (252 -124 128 ) (144 -16 128 ) (144 -16 244 ) (252 -124 244 ) 
3 229 231 (256 -128 128 ) (252 -124 128 ) (252 -124 132 ) 
4 229 230 (144 -24 244 ) (144 -16.003906 244 ) (144 -16.003899 128 ) (144 -24 128 ) 
4 230 257 (128 -4 132 ) (128 -8 136 ) (128 -8 244 ) (128 -4 244 ) 
4 230 254 (128 0 244 ) (128 0 128 ) (128 -4 132 ) (128 -4 244 ) 
3 230 232 (132 -4 128 ) (128 0 128 ) (132 -4 132 ) 
4 230 233 (144 -16 128 ) (132 -4 128 ) (132 -4 244 ) (144 -16 244 ) 
4 231 291 (252 0 128 ) (256 0 128 ) (256 -128 128 ) (252 -124 128 ) 
3 231 232 (252 0 128 ) (252 -4 128 ) (252 -4 132 ) 
4 231 233 (252 -4 128 ) (252 -124.003899 128 ) (252 -124.003899 132 ) (252 -4 132 ) 
4 232 296 (128 0 128 ) (252 0 128 ) (252 -4 128 ) (132 -4 128 ) 
4 232 233 (252 -4 128 ) (252 -4 132 ) (132 -4 132 ) (132 -4 128 ) 
3 233 299 (252 -24 128 ) (252 -124 128 ) (152 -24 128 ) 
4 233 298 (252 -4 128 ) (252 -24 128 ) (152 -24 128 ) (132 -4 128 ) 
4 234 291 (256 -128 128 ) (256 -192 128 ) (252 -192 128 ) (252 -132 128 ) 
3 234 241 (252 -192 132 ) (252 -192 128 ) (256 -192 128 ) 
4 234 237 (252 -192 128 ) (252 -192 132 ) (252 -132 132 ) (252 -132 128 ) 
3 234 235 (252 -132 128 ) (252 -132 132 ) (256 -128 128 ) 
3 235 291 (252 -128 128 ) (256 -128 128 ) (252 -132 128 ) 
3 235 236 (252 -132 252 ) (252 -128 256 ) (252 -128 252 ) 
4 235 237 (252 -132 252 ) (252 -128 252 ) (252 -128 128 ) (252 -132 128 ) 
3 236 239 (144 -128 256 ) (144 -128 252 ) (144 -132 252 ) 
4 236 237 (144 -132 252 ) (144 -128 252 ) (252 -128 252 ) (252 -132 252 ) 
4 237 299 (144 -128 128 ) (252 -128 128 ) (252 -192 128 ) (144 -192 128 ) 
4 237 244 (144 -192 252 ) (144 -192 240 ) (252 -192 132 ) (252 -192 252 ) 
4 237 241 (144 -192 240 ) (144 -192 128 ) (252 -192 128 ) (252 -192 132 ) 
4 237 240 (144 -192 248 ) (144 -192 252 ) (144 -128 252 ) (144 -128 248 ) 
4 238 264 (128 -192 252 ) (128 -192 256 ) (128 -128 256 ) (128 -128 252 ) 
3 238 241 (128 -192 256 ) (128 -192 252 ) (132 -192 252 ) 
3 238 239 (132 -132 252 ) (132 -128 252 ) (128 -128 256 ) 
4 238 240 (128 -128 252 ) (132 -128 252 ) (132 -192 252 ) (128 -192 252 ) 
4 239 240 (132 -128 252 ) (144 -128 252 ) (144 -132 252 ) (132 -132 252 ) 
4 240 267 (128 -192 248 ) (128 -192 252 ) (128 -128 252 ) (128 -128 248 ) 
4 240 244 (136 -192 248 ) (144 -192 248 ) (144 -192 252 ) (132 -192 252 ) 
4 240 241 (128 -192 252 ) (128 -192 248 ) (136 -192 248 ) (132 -192 252 ) 
3 241 301 (128 -512 128 ) (128 -508 128 ) (132 -508 128 ) 
5 241 300 (128 -508 128 ) (128 -192 128 ) (252 -192 128 ) (252 -388 128 ) (132 -508 128 ) 
4 241 291 (252 -192 128 ) (256 -192 128 ) (256 -384 128 ) (252 -388 128 ) 
4 241 284 (128 -456 128 ) (128 -512 128 ) (128 -504 136 ) (128 -456 136 ) 
3 241 283 (128 -504 136 ) (128 -456 184 ) (128 -456 136 ) 
4 241 281 (128 -384 128 ) (128 -456 128 ) (128 -456 136 ) (128 -384 136 ) 
4 241 280 (128 -456 136 ) (128 -456 184 ) (128 -384 256 ) (128 -384 136 ) 
4 241 276 (128 -208 128 ) (128 -384 128 ) (128 -384 136 ) (128 -208 136 ) 
4 241 275 (128 -384 136 ) (128 -384 252 ) (128 -208 252 ) (128 -208 136 ) 
4 241 271 (128 -384 252 ) (128 -384 256 ) (128 -208 256 ) (128 -208 252 ) 
4 241 264 (128 -208 252 ) (128 -208 256 ) (128 -192 256 ) (128 -192 252 ) 
4 241 267 (128 -208 248 ) (128 -208 252 ) (128 -192 252 ) (128 -192 248 ) 
3 241 252 (128 -512 128 ) (132 -508 128 ) (132 -508 132 ) 
5 241 251 (132 -508 128 ) (252 -388 128 ) (252 -388 132 ) (192 -448 192 ) (132 -508 132 ) 
3 241 250 (252 -388 128 ) (256 -384 128 ) (252 -388 132 ) 
3 241 248 (132 -388 252 ) (128 -384 256 ) (128 -388 252 ) 
4 241 249 (128 -512 128 ) (192 -448 192 ) (132 -388 252 ) (128 -388 252 ) 
3 241 246 (252 -388 132 ) (256 -384 128 ) (252 -380 132 ) 
5 241 247 (132 -388 252 ) (192 -448 192 ) (252 -388 132 ) (252 -260 132 ) (132 -380 252 ) 
3 241 245 (128 -384 256 ) (132 -388 252 ) (132 -380 252 ) 
3 241 243 (252 -252 132 ) (252 -260 132 ) (256 -256 128 ) 
4 241 244 (252 -192 132 ) (132 -192 252 ) (132 -380 252 ) (252 -260 132 ) 
3 241 242 (128 -256 256 ) (132 -260 252 ) (132 -252 252 ) 
3 242 243 (256 -256 252 ) (252 -260 252 ) (252 -252 252 ) 
4 242 244 (252 -260 252 ) (131.992203 -260 252 ) (131.992203 -252 252 ) (252 -252 252 ) 
4 243 244 (252 -252 132 ) (252 -260 132 ) (252 -260 252 ) (252 -252 252 ) 
3 244 247 (132 -380 252 ) (252 -260 132 ) (252 -260 252 ) 
4 245 246 (252.003906 -387.996094 252 ) (252 -387.996094 252 ) (252 -380 252 ) (256 -384 252 ) 
5 245 247 (252 -387.996094 252 ) (131.996094 -387.996094 252 ) (131.996094 -380.003906 252 ) (132 -380 252 ) (252 -380 252 ) 
5 246 247 (252 -387.996094 252 ) (252 -380 252 ) (252 -380 132 ) (252 -388 132 ) (252 -388 251.996124 ) 
3 247 251 (252 -388 252 ) (192 -448 192 ) (252 -388 132 ) 
3 247 249 (192 -448 192 ) (252 -388 252 ) (132 -388 252 ) 
4 248 289 (128 -512 252 ) (128 -512 256 ) (128 -508 256 ) (128 -508 252 ) 
4 248 286 (128 -508 256 ) (128 -384 256 ) (128 -388 252 ) (128 -508 252 ) 
4 248 249 (128 -387.998047 252 ) (132 -387.998047 252 ) (132 -507.998047 252 ) (128 -511.998047 252 ) 
4 249 289 (128 -512 128 ) (128 -512 252 ) (128 -508 252 ) (128 -508 132 ) 
3 249 288 (128 -508 252 ) (128 -388 252 ) (128 -508 132 ) 
3 249 251 (132 -508 132 ) (252 -388 252 ) (132 -508 252 ) 
4 250 291 (252 -512 128 ) (252 -388 128 ) (256 -384 128 ) (256 -512 128 ) 
3 250 252 (252 -508 128 ) (252 -512 128 ) (252 -508 132 ) 
4 250 251 (252 -387.996094 132 ) (252 -387.996094 128 ) (252 -508 128 ) (252 -508 132 ) 
3 251 300 (132 -508 128 ) (252 -388 128 ) (252 -508 128 ) 
4 251 252 (252 -508 128 ) (252 -508 132 ) (132 -508 132 ) (132 -508 128 ) 
4 252 301 (128 -512 128 ) (132 -508 128 ) (252 -508 128 ) (252 -512 128 ) 
4 253 367 (0 0 192 ) (0 0 128 ) (0 -4 132 ) (0 -4 192 ) 
4 253 361 (0 0 244 ) (0 0 192 ) (0 -4 192 ) (0 -4 244 ) 
4 253 356 (0 0 256 ) (0 0 244 ) (0 -4 244 ) (0 -4 256 ) 
3 253 256 (0 -4 256 ) (0 -4 252 ) (4 -4 252 ) 
4 253 257 (0 -4 252 ) (0 -4 131.998047 ) (4 -4 131.998047 ) (4 -4 252 ) 
3 254 255 (128 -4 252 ) (128 -4 256 ) (124 -4 252 ) 
4 254 257 (124 -4 131.998047 ) (128 -4 131.998047 ) (128 -4 252 ) (124 -4 252 ) 
3 255 258 (124 -8 252 ) (128 -8 252 ) (128 -8 256 ) 
4 255 257 (128 -8 252 ) (124 -8 252 ) (124 -4 252 ) (128 -4 252 ) 
4 256 357 (0 -8 252 ) (0 -8 256 ) (0 -4 256 ) (0 -4 252 ) 
3 256 259 (0 -8 256 ) (0 -8 252 ) (4 -8 252 ) 
4 256 257 (4 -8 252 ) (0 -8 252 ) (0 -4 252 ) (4 -4 252 ) 
4 257 367 (0 -4 132 ) (0 -8 136 ) (0 -8 192 ) (0 -4 192 ) 
4 257 362 (0 -8 192 ) (0 -8 244 ) (0 -4 244 ) (0 -4 192 ) 
4 257 360 (0 -8 244 ) (0 -8 248 ) (0 -4 248 ) (0 -4 244 ) 
4 257 359 (0 -8 248 ) (0 -8 252 ) (0 -4 252 ) (0 -4 248 ) 
4 257 262 (0 -8 248 ) (0 -8 244 ) (128 -8 244 ) (128 -8 248 ) 
4 257 261 (0 -8 252 ) (0 -8 248 ) (128 -8 248 ) (128 -8 252 ) 
3 258 264 (128 -128 252 ) (128 -128 256 ) (124 -128 252 ) 
4 258 261 (128 -128 252 ) (124 -128 252 ) (124 -8 252 ) (128 -8 252 ) 
4 258 260 (124.001953 -124 252 ) (124.001953 -128 252 ) (128 -128 255.998047 ) (128 -127.998039 255.998047 ) 
4 259 357 (0 -128 252 ) (0 -128 256 ) (0 -8 256 ) (0 -8 252 ) 
3 259 265 (0 -128 256 ) (0 -128 252 ) (4 -128 252 ) 
4 259 261 (4 -128 252 ) (0 -128 252 ) (0 -8 252 ) (4 -8 252 ) 
3 259 260 (0 -128 256 ) (4 -128 252 ) (4 -124 252 ) 
4 260 266 (128 -128 256 ) (0 -128 256 ) (4 -128 252 ) (124 -128 252 ) 
4 260 261 (124 -128 252 ) (4 -128 252 ) (4 -124 252 ) (124 -124 252 ) 
4 261 359 (0 -128 248 ) (0 -128 252 ) (0 -8 252 ) (0 -8 248 ) 
4 261 267 (128 -128 248 ) (128 -128 252 ) (0 -128 252 ) (0 -128 248 ) 
4 261 262 (0 -24 248 ) (0 -8 248 ) (128 -8 248 ) (128 -24 248 ) 
4 262 360 (0 -24 248 ) (0 -8 248 ) (0 -8 244 ) (0 -24 244 ) 
4 263 377 (0 -25 128 ) (0 -128 128 ) (0 -128 192 ) (0 -25 192 ) 
4 263 363 (0 -128 192 ) (0 -128 244 ) (0 -25 244 ) (0 -25 192 ) 
4 263 314 (0 -128 128 ) (0 -25 128 ) (64 -25 128 ) (64 -128 128 ) 
4 263 308 (64 -25 128 ) (128 -25 128 ) (128 -128 128 ) (64 -128 128 ) 
4 263 270 (0 -128 128 ) (2 -128 128 ) (2 -128 244 ) (0 -128 244 ) 
4 263 268 (2 -128 128 ) (128 -128 128 ) (128 -128 244 ) (2 -128 244 ) 
3 264 271 (124 -208 252 ) (128 -208 252 ) (128 -208 256 ) 
4 264 266 (128 -128 255.996094 ) (124.001961 -128 252 ) (124.001961 -132 252 ) (128 -128.003876 255.996094 ) 
4 264 267 (128 -208 252 ) (124 -208 252 ) (124 -128 252 ) (128 -128 252 ) 
4 265 389 (0 -208 252 ) (0 -208 256 ) (0 -192 256 ) (0 -192 252 ) 
4 265 384 (0 -192 256 ) (0 -128 256 ) (0 -128 252 ) (0 -192 252 ) 
3 265 272 (0 -208 256 ) (0 -208 252 ) (4 -208 252 ) 
3 265 266 (4 -132 252 ) (4 -128 252 ) (0 -128 256 ) 
4 265 267 (4 -208 252 ) (0 -208 252 ) (0 -128 252 ) (4 -128 252 ) 
4 266 267 (4 -132 252 ) (4 -128 252 ) (124 -128 252 ) (124 -132 252 ) 
4 267 390 (0 -208 248 ) (0 -208 252 ) (0 -192 252 ) (0 -192 248 ) 
4 267 387 (0 -192 252 ) (0 -128 252 ) (0 -128 248 ) (0 -192 248 ) 
4 267 277 (0 -208 252 ) (0 -208 248 ) (64 -208 248 ) (64 -208 252 ) 
4 267 275 (64 -208 248 ) (128 -208 248 ) (128 -208 252 ) (64 -208 252 ) 
4 268 314 (2 -128 128 ) (64 -128 128 ) (64 -160 128 ) (2 -160 128 ) 
4 268 308 (64 -128 128 ) (128 -128 128 ) (128 -160 128 ) (64 -160 128 ) 
4 268 270 (2 -128 244 ) (2 -128 128 ) (2 -160 128 ) (2 -160 244 ) 
4 268 269 (2 -160 244 ) (2 -160 128 ) (128 -160 128 ) (128 -160 244 ) 
4 269 314 (64 -192 128 ) (2 -192 128 ) (2 -160 128 ) (64 -160 128 ) 
4 269 308 (128 -160 128 ) (128 -192 128 ) (64 -192 128 ) (64 -160 128 ) 
4 269 270 (2 -192 128 ) (2 -192 246 ) (2 -160 246 ) (2 -160 128 ) 
4 270 388 (0 -128 128 ) (0 -192 128 ) (0 -192 246 ) (0 -128 246 ) 
4 270 314 (0 -192 128 ) (0 -128 128 ) (2 -128 128 ) (2 -192 128 ) 
3 271 280 (128 -384 252 ) (128 -384 256 ) (124 -384 252 ) 
4 271 275 (128 -384 252 ) (124 -384 252 ) (124 -208 252 ) (128 -208 252 ) 
4 271 274 (124.001968 -380 252 ) (124.001968 -384 252 ) (128 -384 255.998032 ) (128 -383.998047 255.998032 ) 
4 271 273 (124.001961 -252 252 ) (124.001961 -260 252 ) (128 -256.003357 255.996628 ) (128 -255.996628 255.996628 ) 
4 272 407 (0 -384 252 ) (0 -384 256 ) (0 -256 256 ) (0 -256 252 ) 
4 272 392 (0 -256 256 ) (0 -208 256 ) (0 -208 252 ) (0 -256 252 ) 
3 272 282 (0 -384 256 ) (0 -384 252 ) (4 -384 252 ) 
4 272 278 (4 -384 252 ) (0 -384 252 ) (0 -256 252 ) (4 -256 252 ) 
4 272 277 (0 -256 252 ) (0 -208 252 ) (4 -208 252 ) (4 -256 252 ) 
3 272 274 (0 -384 256 ) (4 -384 252 ) (4 -380 252 ) 
3 272 273 (4 -260 252 ) (4 -252 252 ) (0 -256 256 ) 
4 273 278 (4 -260 252 ) (4 -256 252 ) (64 -256 252 ) (64 -260 252 ) 
4 273 277 (4 -256 252 ) (4 -252 252 ) (64 -252 252 ) (64 -256 252 ) 
4 273 275 (64 -252 252 ) (124 -252 252 ) (124 -260 252 ) (64 -260 252 ) 
4 274 282 (64 -384 256 ) (0 -384 256 ) (4 -384 252 ) (64 -384 252 ) 
4 274 280 (128 -384 256 ) (64 -384 256 ) (64 -384 252 ) (124 -384 252 ) 
4 274 278 (64 -384 252 ) (4 -384 252 ) (4 -380 252 ) (64 -380 252 ) 
4 274 275 (124 -384 252 ) (64 -384 252 ) (64 -380 252 ) (124 -380 252 ) 
4 275 280 (128 -384 136 ) (128 -384 252 ) (64 -384 252 ) (64 -384 136 ) 
4 275 278 (64 -384 136 ) (64 -384 252 ) (64 -256 252 ) (64 -256 136 ) 
4 275 277 (64 -256 252 ) (64 -208 252 ) (64 -208 136 ) (64 -256 136 ) 
4 275 276 (128 -384 136 ) (80 -384 136 ) (80 -208 136 ) (128 -208 136 ) 
4 276 309 (80 -208 128 ) (128 -208 128 ) (128 -384 128 ) (80 -384 128 ) 
4 276 281 (80 -384 128 ) (128 -384 128 ) (128 -384 136 ) (80 -384 136 ) 
4 277 394 (0 -256 136 ) (0 -256 252 ) (0 -208 252 ) (0 -208 136 ) 
4 277 278 (64 -256 136 ) (64 -256 252 ) (0 -256 252 ) (0 -256 136 ) 
4 278 407 (0 -384 136 ) (0 -384 252 ) (0 -256 252 ) (0 -256 136 ) 
4 278 282 (64 -384 136 ) (64 -384 252 ) (0 -384 252 ) (0 -384 136 ) 
4 279 314 (0 -384 128 ) (0 -256 128 ) (64 -256 128 ) (64 -384 128 ) 
3 280 286 (128 -388 252 ) (128 -384 256 ) (124 -388 252 ) 
4 280 288 (128 -456 184 ) (128 -388 252 ) (64 -388 252 ) (64 -456 184 ) 
4 280 283 (128 -456 136 ) (128 -456 183.998047 ) (64 -456 183.998047 ) (64 -456 136 ) 
4 280 282 (64 -456 136 ) (64 -456 184 ) (64 -384 256 ) (64 -384 136 ) 
4 280 281 (128 -456 136 ) (80 -456 136 ) (80 -384 136 ) (128 -384 136 ) 
4 281 315 (128 -448 128 ) (128 -456 128 ) (80 -456 128 ) (80 -448 128 ) 
4 281 309 (80 -384 128 ) (128 -384 128 ) (128 -448 128 ) (80 -448 128 ) 
4 281 284 (80 -456 128 ) (128 -456 128 ) (128 -456 136 ) (80 -456 136 ) 
4 282 417 (0 -456 136 ) (0 -456 184 ) (0 -384 256 ) (0 -384 136 ) 
3 282 287 (0 -384 256 ) (0 -388 252 ) (4 -388 252 ) 
4 282 288 (0 -388 252 ) (0 -456 184 ) (64 -456 184 ) (64 -388 252 ) 
4 282 283 (64 -456 136 ) (64 -456 183.998047 ) (0 -456 183.998047 ) (0 -456 136 ) 
3 283 418 (0 -504 136 ) (0 -456 184 ) (0 -456 136 ) 
4 283 288 (128 -504 136 ) (128 -456 184 ) (0 -456 184 ) (0 -504 136 ) 
4 283 285 (40 -504 136 ) (0 -504 136 ) (0 -488 136 ) (40 -488 136 ) 
4 283 284 (128 -504 136 ) (40 -504 136 ) (40 -456 136 ) (128 -456 136 ) 
4 284 320 (128 -508 128 ) (128 -512 128 ) (40 -512 128 ) (40 -508 128 ) 
4 284 319 (128 -488 128 ) (128 -508 128 ) (40 -508 128 ) (40 -488 128 ) 
4 284 317 (128 -464 128 ) (128 -488 128 ) (40 -488 128 ) (40 -464 128 ) 
4 284 315 (64 -456 128 ) (128 -456 128 ) (128 -464 128 ) (64 -464 128 ) 
3 284 289 (128 -512 128 ) (128 -508 132 ) (124 -508 132 ) 
4 284 288 (128 -508 132 ) (128 -504 136 ) (40 -504 136 ) (40 -508 132 ) 
4 284 285 (40 -512 128 ) (40 -504 136 ) (40 -488 136 ) (40 -488 128 ) 
4 285 419 (0 -488 128 ) (0 -512 128 ) (0 -504 136 ) (0 -488 136 ) 
4 285 320 (0 -512 128 ) (0 -508 128 ) (40 -508 128 ) (40 -512 128 ) 
4 285 319 (0 -508 128 ) (0 -488 128 ) (40 -488 128 ) (40 -508 128 ) 
3 285 290 (0 -512 128 ) (4 -508 132 ) (0 -508 132 ) 
4 285 288 (40 -508 132 ) (40 -504 136 ) (0 -504 136 ) (0 -508 132 ) 
3 286 289 (128 -508 252 ) (128 -508 256 ) (124 -508 252 ) 
4 286 288 (128 -508 252 ) (124 -508 252 ) (124 -388 252 ) (128 -388 252 ) 
4 287 423 (0 -384 256 ) (0 -388 252 ) (0 -508 252 ) (0 -508 256 ) 
3 287 290 (0 -508 256 ) (0 -508 252 ) (4 -508 252 ) 
4 287 288 (4 -508 252 ) (0 -508 252 ) (0 -388 252 ) (4 -388 252 ) 
3 288 423 (0 -388 252 ) (0 -508 132 ) (0 -508 252 ) 
5 288 290 (0 -508 131.998047 ) (3.998051 -508 131.998047 ) (4 -508 132 ) (4 -508 252 ) (0 -508 252 ) 
4 288 289 (124 -508 131.998047 ) (128 -508 131.998047 ) (128 -508 252 ) (124 -508 252 ) 
4 290 425 (0 -512 128 ) (0 -512 256 ) (0 -508 256 ) (0 -508 132 ) 
3 291 301 (252 -512 128 ) (252 -508 128 ) (252 -508 124 ) 
4 291 300 (252 -508 128 ) (252 -192 128 ) (252 -192 124 ) (252 -508 124 ) 
4 291 299 (252 -192 128 ) (252 -24 128 ) (252 -24 124 ) (252 -192 124 ) 
3 291 296 (252 -4 128 ) (252 0 128 ) (252 -4 124 ) 
4 291 298 (252 -24 128 ) (252 -4 128 ) (252 -4 124 ) (252 -24 124 ) 
4 291 295 (252 -132 124.001953 ) (252 -124 124.001953 ) (255.998047 -127.998047 128 ) (255.998047 -128.001938 128 ) 
4 291 294 (252 -388 124.001945 ) (252 -380 124.001945 ) (255.998062 -383.998077 128 ) (255.998062 -384.001984 128 ) 
4 291 293 (252 -260 124.001953 ) (252 -252 124.001953 ) (255.998047 -255.998047 128 ) (255.998047 -256.001984 128 ) 
4 292 337 (256 -448 0 ) (256 -512 0 ) (252 -512 0 ) (252 -448 0 ) 
4 292 330 (256 -192 0 ) (256 -448 0 ) (252 -448 0 ) (252 -192 0 ) 
4 292 328 (256 -24 0 ) (256 -192 0 ) (252 -192 0 ) (252 -24 0 ) 
4 292 324 (252 0 0 ) (256 0 0 ) (256 -24 0 ) (252 -24 0 ) 
3 292 302 (252 -508 0 ) (252 -512 0 ) (252 -508 4 ) 
4 292 300 (252 -192 0 ) (252 -508 0 ) (252 -508 4 ) (252 -192 4 ) 
4 292 299 (252 -24 0 ) (252 -192 0 ) (252 -192 4 ) (252 -24 4 ) 
3 292 297 (252 0 0 ) (252 -4 0 ) (252 -4 4 ) 
4 292 298 (252 -4 0 ) (252 -24 0 ) (252 -24 4 ) (252 -4 4 ) 
3 292 295 (256 -128 0 ) (252 -124 4 ) (252 -132 4 ) 
3 292 294 (256 -384 0 ) (252 -380 4 ) (252 -388 4 ) 
3 292 293 (256 -256 0 ) (252 -252 4 ) (252 -260 4 ) 
4 293 300 (252 -260 124 ) (252 -252 124 ) (252 -252 4 ) (252 -260 4 ) 
4 294 300 (252 -388 124 ) (252 -380 124 ) (252 -380 4 ) (252 -388 4 ) 
4 295 299 (252 -132 124 ) (252 -124 124 ) (252 -124 4 ) (252 -132 4 ) 
4 296 298 (131.998047 -4 128 ) (131.998047 -4 124 ) (252 -4 124 ) (252 -4 128 ) 
4 297 324 (128 0 0 ) (252 0 0 ) (252 -4 0 ) (132 -4 0 ) 
4 297 298 (131.998047 -4 4 ) (131.998047 -4 0 ) (252 -4 0 ) (252 -4 4 ) 
4 298 324 (252 -4 0 ) (252 -24 0 ) (152 -24 0 ) (132 -4 0 ) 
4 298 299 (152 -24 0 ) (252 -24 0 ) (252 -24 128 ) (152 -24 128 ) 
4 299 328 (252 -24 0 ) (252 -192 0 ) (144 -192 0 ) (144 -24 0 ) 
4 299 300 (144 -192 0 ) (252 -192 0 ) (252 -192 128 ) (144 -192 128 ) 
4 300 337 (252 -448 0 ) (252 -508 0 ) (128 -508 0 ) (128 -448 0 ) 
4 300 330 (252 -192 0 ) (252 -448 0 ) (128 -448 0 ) (128 -192 0 ) 
4 300 319 (128 -488 0 ) (128 -508 0 ) (128 -508 128 ) (128 -488 128 ) 
4 300 317 (128 -464 0 ) (128 -488 0 ) (128 -488 128 ) (128 -464 128 ) 
4 300 315 (128 -448 0 ) (128 -464 0 ) (128 -464 128 ) (128 -448 128 ) 
4 300 309 (128 -208 0 ) (128 -448 0 ) (128 -448 128 ) (128 -208 128 ) 
4 300 303 (128 -508 124 ) (128 -508 4 ) (132 -508 4 ) (132 -508 124 ) 
4 300 302 (128 -508 4 ) (128 -508 0 ) (252 -508 0 ) (252 -508 4 ) 
4 300 301 (128 -508 128 ) (128 -508 124 ) (252 -508 124 ) (252 -508 128 ) 
3 301 320 (128 -512 128 ) (128 -508 128 ) (128 -508 124 ) 
3 301 303 (128 -512 128 ) (128 -508 124 ) (132 -508 124 ) 
4 302 337 (252 -508 0 ) (252 -512 0 ) (128 -512 0 ) (128 -508 0 ) 
3 302 321 (128 -508 0 ) (128 -512 0 ) (128 -508 4 ) 
3 302 303 (132 -508 4 ) (128 -508 4 ) (128 -512 0 ) 
4 303 323 (128 -512 0 ) (128 -512 128 ) (128 -508 124 ) (128 -508 4 ) 
4 304 310 (64 0 0 ) (64 -10 0 ) (64 -10 128 ) (64 0 128 ) 
4 304 305 (64 -10 128 ) (64 -10 0 ) (128 -10 0 ) (128 -10 128 ) 
4 305 311 (64 -10 0 ) (64 -11 0 ) (64 -11 128 ) (64 -10 128 ) 
4 305 306 (64 -11 128 ) (64 -11 0 ) (128 -11 0 ) (128 -11 128 ) 
4 306 312 (64 -11 0 ) (64 -16 0 ) (64 -16 128 ) (64 -11 128 ) 
4 306 307 (64 -16 128 ) (64 -16 0 ) (128 -16 0 ) (128 -16 128 ) 
4 307 313 (64 -16 0 ) (64 -17 0 ) (64 -17 128 ) (64 -16 128 ) 
4 307 308 (64 -17 128 ) (64 -17 0 ) (128 -17 0 ) (128 -17 128 ) 
4 308 314 (64 -17 0 ) (64 -192 0 ) (64 -192 128 ) (64 -17 128 ) 
4 309 330 (128 -208 0 ) (128 -448 0 ) (80 -448 0 ) (80 -208 0 ) 
4 309 315 (80 -448 0 ) (128 -448 0 ) (128 -448 128 ) (80 -448 128 ) 
4 310 311 (0 -10 0 ) (64 -10 0 ) (64 -10 128 ) (0 -10 128 ) 
4 311 312 (0 -11 0 ) (64 -11 0 ) (64 -11 128 ) (0 -11 128 ) 
4 312 313 (0 -16 0 ) (64 -16 0 ) (64 -16 128 ) (0 -16 128 ) 
4 313 314 (0 -17 0 ) (64 -17 0 ) (64 -17 128 ) (0 -17 128 ) 
4 314 426 (0 -256 0 ) (0 -448 0 ) (0 -448 128 ) (0 -256 128 ) 
4 314 395 (0 -208 0 ) (0 -256 0 ) (0 -256 128 ) (0 -208 128 ) 
4 314 391 (0 -192 0 ) (0 -208 0 ) (0 -208 128 ) (0 -192 128 ) 
4 314 388 (0 -128 0 ) (0 -192 0 ) (0 -192 128 ) (0 -128 128 ) 
4 314 377 (0 -24 0 ) (0 -128 0 ) (0 -128 128 ) (0 -24 128 ) 
4 314 316 (0 -448 0 ) (32 -448 0 ) (32 -448 128 ) (0 -448 128 ) 
4 315 337 (64 -448 0 ) (128 -448 0 ) (128 -464 0 ) (64 -464 0 ) 
4 315 317 (64 -464 0 ) (128 -464 0 ) (128 -464 128 ) (64 -464 128 ) 
4 316 427 (0 -448 0 ) (0 -464 0 ) (0 -464 128 ) (0 -448 128 ) 
4 316 318 (0 -464 0 ) (32 -464 0 ) (32 -464 128 ) (0 -464 128 ) 
4 317 337 (40 -464 0 ) (128 -464 0 ) (128 -488 0 ) (40 -488 0 ) 
4 317 319 (40 -488 0 ) (128 -488 0 ) (128 -488 128 ) (40 -488 128 ) 
4 318 428 (0 -464 0 ) (0 -486 0 ) (0 -486 128 ) (0 -464 128 ) 
4 319 430 (0 -488 0 ) (0 -508 0 ) (0 -508 128 ) (0 -488 128 ) 
4 319 338 (0 -508 0 ) (0 -488 0 ) (40 -488 0 ) (40 -508 0 ) 
4 319 337 (40 -488 0 ) (128 -488 0 ) (128 -508 0 ) (40 -508 0 ) 
4 319 323 (128 -508 4 ) (128 -508 124 ) (124 -508 124 ) (124 -508 4 ) 
4 319 322 (4 -508 124 ) (0 -508 124 ) (0 -508 4 ) (4 -508 4 ) 
4 319 321 (0 -508 0 ) (128 -508 0 ) (128 -508 4 ) (0 -508 4 ) 
4 319 320 (128 -508 124 ) (128 -508 128 ) (0 -508 128 ) (0 -508 124 ) 
3 320 431 (0 -512 128 ) (0 -508 128 ) (0 -508 124 ) 
3 320 323 (124 -508 124 ) (128 -508 124 ) (128 -512 128 ) 
3 320 322 (0 -508 124 ) (4 -508 124 ) (0 -512 128 ) 
3 321 432 (0 -508 0 ) (0 -512 0 ) (0 -508 4 ) 
4 321 338 (0 -512 0 ) (0 -508 0 ) (40 -508 0 ) (40 -512 0 ) 
4 321 337 (40 -508 0 ) (128 -508 0 ) (128 -512 0 ) (40 -512 0 ) 
3 321 323 (128 -512 0 ) (128 -508 4 ) (124 -508 4 ) 
3 321 322 (0 -512 0 ) (4 -508 4 ) (0 -508 4 ) 
4 322 433 (0 -512 0 ) (0 -512 128 ) (0 -508 124 ) (0 -508 4 ) 
4 324 350 (252 -24 -3.998046 ) (231.998047 -24 -24 ) (251.998047 -4 -4 ) (252 -4 -3.998047 ) 
4 324 328 (240 -24 -16 ) (256 -24 0 ) (128 -24 0 ) (128 -24 -16 ) 
4 324 329 (232 -24 -24 ) (240 -24 -16 ) (128 -24 -16 ) (128 -24 -24 ) 
4 324 325 (132 -4 -3.996423 ) (128 -4 -3.996424 ) (128 -0.003899 0 ) (128.003891 -0.003899 0 ) 
4 324 327 (252.003906 -4 -3.996418 ) (232.003906 -24 -23.998039 ) (128 -24 -23.998043 ) (128 -4 -3.996424 ) 
3 325 332 (128 0 -124 ) (132 -4 -124 ) (124 -4 -124 ) 
4 325 327 (124 -4 -124 ) (132 -4 -124 ) (132 -4 -4 ) (124 -4 -4 ) 
4 326 457 (0 0 0 ) (0 0 -124 ) (0 -4 -124 ) (0 -4 -4 ) 
3 326 333 (0 -4 -124 ) (0 0 -124 ) (4 -4 -124 ) 
4 326 327 (0 -4 -124 ) (4 -4 -124 ) (4 -4 -4 ) (0 -4 -4 ) 
4 327 458 (0 -4 -124 ) (0 -24 -124 ) (0 -24 -24 ) (0 -4 -4 ) 
4 327 350 (251.998047 -4 -4 ) (231.998047 -24 -24 ) (131.998047 -24 -124 ) (131.998047 -4 -124 ) 
4 327 333 (0 -24 -124 ) (0 -4 -124 ) (4 -4 -124 ) (4 -24 -124 ) 
4 327 332 (124 -4 -124 ) (132.003876 -4 -124 ) (132.003876 -24 -124 ) (124 -24 -124 ) 
4 327 329 (0 -24 -124 ) (132 -24 -124 ) (232 -24 -24 ) (0 -24 -24 ) 
4 328 349 (255.998047 -127.998032 0 ) (255.998047 -128.001953 0 ) (252 -132 -3.998047 ) (252 -124 -3.998047 ) 
4 328 350 (252 -132 -3.998047 ) (239.998047 -144.001938 -16 ) (239.998047 -24 -16 ) (252 -24 -3.998047 ) 
4 328 347 (252 -192 -3.998047 ) (239.998047 -192 -16 ) (239.998047 -144.001938 -16 ) (252 -132 -3.998047 ) 
4 328 330 (240 -192 -16 ) (256 -192 0 ) (128.036102 -192 0 ) (128.036102 -192 -16 ) 
4 328 329 (240.003906 -192 -16 ) (128.036102 -192 -16 ) (128.036102 -24 -16 ) (240 -24 -16 ) 
3 329 458 (0 -24 -124 ) (0 -124 -124 ) (0 -24 -24 ) 
5 329 440 (0 -124 -124 ) (0 -192 -124 ) (0 -192 -16 ) (0 -24 -16 ) (0 -24 -24 ) 
5 329 350 (192 -192 -63.998062 ) (131.998047 -192 -124 ) (131.998047 -24 -124 ) (239.998047 -24 -16 ) (239.998047 -144.001938 -16 ) 
3 329 347 (239.998047 -192 -16 ) (192 -192 -63.998062 ) (239.998047 -144.001938 -16 ) 
4 329 335 (124 -124 -124 ) (124 -132 -124 ) (4 -132 -124 ) (4 -124 -124 ) 
4 329 333 (0 -192 -124 ) (0 -24 -124 ) (4 -24 -124 ) (4 -192 -124 ) 
4 329 332 (124 -24 -124 ) (132.003876 -24 -124 ) (132.003891 -192 -124 ) (124 -192 -124 ) 
4 329 331 (0 -192 -124 ) (132 -192 -124 ) (240 -192 -16 ) (0 -192 -16 ) 
4 330 353 (255.998062 -384 0 ) (255.998062 -384.001984 0 ) (252 -388 -3.998062 ) (252 -380.001923 -3.998062 ) 
4 330 354 (252 -448 -3.998062 ) (239.998062 -448 -16 ) (239.998062 -368 -16 ) (252 -380.001923 -3.998062 ) 
4 330 352 (252 -380.001923 -3.998062 ) (239.998062 -368 -16 ) (239.998047 -272.001953 -16 ) (252 -260 -3.998047 ) 
4 330 346 (255.998047 -255.998016 0 ) (255.998047 -256.001953 0 ) (252 -260 -3.998047 ) (252 -252 -3.998047 ) 
4 330 347 (252 -260 -3.998047 ) (239.998047 -272.001953 -16 ) (239.998047 -192 -16 ) (252 -192 -3.998047 ) 
4 330 337 (248 -448 -8 ) (256 -448 0 ) (64 -448 0 ) (64 -448 -8 ) 
4 330 339 (240 -448 -16 ) (248 -448 -8 ) (64 -448 -8 ) (64 -448 -16 ) 
4 330 331 (240.003906 -448 -16 ) (64 -448 -16 ) (64 -192 -16 ) (240 -192 -16 ) 
5 331 441 (0 -192 -124 ) (0 -388 -124 ) (0 -448 -64 ) (0 -448 -16 ) (0 -192 -16 ) 
5 331 354 (239.998062 -448 -16 ) (191.998047 -448 -64 ) (131.998062 -388 -124 ) (131.998047 -260 -124 ) (239.998062 -368 -16 ) 
3 331 352 (239.998047 -272.001953 -16 ) (239.998062 -368 -16 ) (192 -320 -64 ) 
3 331 350 (131.998047 -252.001938 -124 ) (131.998047 -192 -124 ) (192 -192 -63.998058 ) 
6 331 347 (131.998047 -260 -124 ) (131.998047 -252.001938 -124 ) (192 -192 -63.998058 ) (239.998047 -192 -16 ) (239.998047 -272.001953 -16 ) (192 -320 -64 ) 
4 331 340 (132.003906 -388 -124 ) (192.003906 -448 -64 ) (0 -448 -64 ) (0 -388 -124 ) 
4 331 339 (0 -448 -64 ) (192 -448 -64 ) (240 -448 -16 ) (0 -448 -16 ) 
4 331 336 (124 -388 -124 ) (4 -388 -124 ) (4 -380 -124 ) (124 -380 -124 ) 
4 331 334 (4 -260 -124 ) (4 -252 -124 ) (124 -252 -124 ) (124 -260 -124 ) 
4 331 333 (4 -388 -124 ) (0 -388 -124 ) (0 -192 -124 ) (4 -192 -124 ) 
4 331 332 (132.003906 -388 -124 ) (124 -388 -124 ) (124 -192 -124 ) (132.003891 -192 -124 ) 
4 332 355 (131.998062 -388 -124 ) (128 -384.001007 -128 ) (128 -383.998993 -128 ) (131.998062 -380 -124 ) 
4 332 351 (128 -128 -128 ) (128 -128 -128 ) (131.998062 -124 -124 ) (131.998062 -132 -124 ) 
3 332 348 (128 -256 -128 ) (131.998062 -252.001938 -124 ) (131.998062 -260 -124 ) 
3 332 342 (128.001953 -383.998047 -128.001953 ) (132.003906 -388 -124 ) (124 -388 -124 ) 
3 332 336 (128 -384 -128 ) (123.998062 -388 -124 ) (123.998062 -380 -124 ) 
3 332 335 (123.998055 -132 -124 ) (123.998055 -124 -124 ) (128 -128 -128 ) 
3 332 334 (128 -256 -128 ) (123.998062 -260 -124 ) (123.998062 -252 -124 ) 
4 333 459 (0 -4 -128 ) (0 -128 -128 ) (0 -124 -124 ) (0 -4 -124 ) 
4 333 457 (0 0 -124 ) (0 0 -128 ) (0 -4 -128 ) (0 -4 -124 ) 
4 333 450 (0 -128 -128 ) (0 -256 -128 ) (0 -252 -124 ) (0 -124 -124 ) 
4 333 447 (0 -256 -128 ) (0 -384 -128 ) (0 -388 -124 ) (0 -252 -124 ) 
3 333 341 (4 -388 -124 ) (0 -388 -124 ) (0 -384 -128 ) 
3 333 336 (4 -380 -124 ) (4 -388 -124 ) (0 -384 -128 ) 
3 333 335 (4 -124 -124 ) (4 -132 -124 ) (0 -128 -128 ) 
3 333 334 (4 -252 -124 ) (4 -260 -124 ) (0 -256 -128 ) 
5 337 354 (252 -508 -3.998062 ) (251.998062 -508 -4 ) (247.998062 -504 -8 ) (247.998062 -448 -8 ) (252 -448 -3.998062 ) 
4 337 345 (248.003906 -504 -8 ) (252.003906 -508 -4 ) (132 -508 -4 ) (136 -504 -8 ) 
3 337 344 (128 -512 0 ) (124 -508 -4 ) (132 -508 -4 ) 
4 337 340 (40 -508 -4 ) (40 -504 -8 ) (136 -504 -8 ) (132 -508 -4 ) 
4 337 338 (40 -488 -8 ) (40 -504 -8 ) (40 -512 0 ) (40 -488 0 ) 
4 337 339 (248 -504 -8 ) (40 -504 -8 ) (40 -448 -8 ) (248 -448 -8 ) 
3 338 445 (0 -508 -4 ) (0 -512 0 ) (0 -508 0 ) 
5 338 442 (0 -504 -8 ) (0 -508 -4 ) (0 -508 0 ) (0 -488 0 ) (0 -488 -8 ) 
3 338 343 (0 -512 0 ) (0 -508 -4 ) (4 -508 -4 ) 
4 338 340 (0 -508 -4 ) (0 -504 -8 ) (40 -504 -8 ) (40 -508 -4 ) 
4 338 339 (40 -504 -8 ) (0 -504 -8 ) (0 -488 -8 ) (40 -488 -8 ) 
3 339 444 (0 -448 -64 ) (0 -504 -8 ) (0 -448 -8 ) 
3 339 354 (247.998062 -504 -8 ) (191.998047 -448 -64 ) (247.998062 -448 -8 ) 
4 339 345 (192.003906 -448 -64 ) (248.003906 -504 -8 ) (136 -504 -8 ) (192 -448 -64 ) 
4 339 340 (136 -504 -8 ) (0 -504 -8 ) (0 -448 -64 ) (192 -448 -64 ) 
3 340 442 (0 -508 -8 ) (0 -508 -4 ) (0 -504 -8 ) 
5 340 444 (0 -508 -124 ) (0 -508 -8 ) (0 -504 -8 ) (0 -448 -64 ) (0 -448 -124 ) 
3 340 441 (0 -448 -64 ) (0 -388 -124 ) (0 -448 -124 ) 
4 340 354 (131.998062 -388 -124 ) (192 -448 -64 ) (132 -508 -123.998070 ) (131.998077 -508 -124 ) 
3 340 345 (132 -508 -123.992172 ) (191.996094 -448.003906 -63.996094 ) (132 -508 -4 ) 
4 340 344 (131.998047 -508 -124 ) (131.998047 -508 -4 ) (124 -508 -4 ) (124 -508 -124 ) 
4 340 343 (4 -508 -4 ) (0 -508 -4 ) (0 -508 -124 ) (4 -508 -124 ) 
5 340 342 (132 -507.996094 -124 ) (131.996094 -508 -124 ) (124 -508 -124 ) (124 -388 -124 ) (131.992188 -388 -124 ) 
4 340 341 (4 -508 -124 ) (0 -508 -124 ) (0 -388 -124 ) (4 -388 -124 ) 
4 341 447 (0 -508 -128 ) (0 -508 -124 ) (0 -388 -124 ) (0 -384 -128 ) 
3 341 343 (4 -508 -124 ) (0 -508 -124 ) (0 -508 -128 ) 
4 342 344 (128.001007 -508 -128.001007 ) (131.998047 -508 -124.003906 ) (131.998047 -508 -124 ) (124 -508 -124 ) 
4 343 447 (0 -508 -124 ) (0 -508 -128 ) (0 -512 -128 ) (0 -512 -124 ) 
4 343 446 (0 -512 0 ) (0 -508 -4 ) (0 -508 -124 ) (0 -512 -124 ) 
3 345 354 (132 -508 -123.998062 ) (192 -448 -64 ) (251.998062 -508 -4 ) 
3 346 348 (255.998047 -255.998047 -124 ) (252 -259.996094 -124 ) (252 -252 -124 ) 
4 346 347 (252 -252 -124 ) (252 -260 -124 ) (252 -260 -4 ) (252 -252 -4 ) 
3 347 354 (251.998047 -260.001953 -124 ) (192 -320 -64.001221 ) (132 -260.001953 -124 ) 
3 347 352 (192 -320 -64 ) (252 -260 -124 ) (252 -260 -4 ) 
3 347 350 (252 -132 -124 ) (132 -252 -124 ) (252 -132 -3.998085 ) 
4 347 348 (252 -259.996094 -124 ) (132 -260 -124 ) (132 -252 -124 ) (252 -252 -124 ) 
3 349 351 (256 -128 -124 ) (252 -132 -124 ) (252 -124 -124 ) 
4 349 350 (252 -124 -124 ) (252 -132 -124 ) (252 -132 -4 ) (252 -124 -4 ) 
4 350 351 (252 -132 -124 ) (132 -132 -124 ) (132 -124 -124 ) (252 -124 -124 ) 
3 352 354 (252 -380.001007 -4 ) (192 -320 -64.001221 ) (252 -260 -124.001953 ) 
3 353 355 (252 -388 -124 ) (252 -380 -124 ) (256 -384 -124 ) 
4 353 354 (252 -380 -124 ) (252 -388 -124 ) (252 -388 -4 ) (252 -380 -4 ) 
4 354 355 (132.002014 -388 -124 ) (132.001892 -380 -124 ) (252 -380 -124 ) (252 -388 -124 ) 
3 356 361 (0 0 244 ) (0 -4 244 ) (-4 -4 244 ) 
4 356 360 (-4 -4 244 ) (0 -4 244 ) (0 -4 248 ) (-4 -4 248 ) 
3 356 357 (0 -4 252 ) (0 -4 256 ) (-4 -4 252 ) 
4 356 359 (0 -4 248 ) (0 -4 252 ) (-4 -4 252 ) (-4 -4 248 ) 
3 357 384 (0 -128 252 ) (0 -128 256 ) (-4 -128 252 ) 
3 357 358 (-4.001957 -124 252 ) (-4.001957 -128 252 ) (-0.001964 -128 256 ) 
4 357 359 (0 -128 252 ) (-4 -128 252 ) (-4 -4 252 ) (0 -4 252 ) 
4 358 386 (-122 -128 256 ) (-124 -128 256 ) (-124 -128 254 ) (-122 -128 254 ) 
4 358 385 (0 -128 256 ) (-122 -128 256 ) (-122 -128 252 ) (-4 -128 252 ) 
3 358 365 (-124 -128 252 ) (-124 -128 256 ) (-124 -124 252 ) 
4 358 359 (-4 -128 252 ) (-124 -128 252 ) (-124 -124 252 ) (-4 -124 252 ) 
4 359 387 (0 -128 248 ) (0 -128 252 ) (-122 -128 252 ) (-122 -128 248 ) 
4 359 366 (-124 -128 248 ) (-124 -128 252 ) (-124 -124 252 ) (-124 -124 248 ) 
4 359 360 (-124 -24 248 ) (-124 -4 248 ) (0 -4 248 ) (0 -24 248 ) 
4 360 364 (-124 -16 244 ) (-124 -4 244 ) (-120 -4 244 ) (-120 -16 244 ) 
4 360 362 (-120 -4 244 ) (0 -4 244 ) (0 -20 244 ) (-120 -20 244 ) 
3 361 367 (0 0 192 ) (0 -4 192 ) (-4 -4 192 ) 
4 361 362 (-4 -4 192 ) (0 -4 192 ) (0 -4 244 ) (-4 -4 244 ) 
4 362 371 (-120 -12 192 ) (-120 -4 192 ) (-24 -4 192 ) (-24 -12 192 ) 
4 362 370 (-24 -4 192 ) (-4 -4 192 ) (-20 -20 192 ) (-24 -20 192 ) 
4 362 367 (-4 -4 192 ) (0 -4 192 ) (0 -20 192 ) (-20 -20 192 ) 
4 362 364 (-120 -4 192 ) (-120 -16 192 ) (-120 -16 244 ) (-120 -4 244 ) 
4 363 388 (-120 -128 192 ) (0 -128 192 ) (0 -128 244 ) (-120 -128 244 ) 
4 363 377 (0 -128 192 ) (-120 -128 192 ) (-120 -24 192 ) (0 -24 192 ) 
4 364 380 (-124 -16 192 ) (-124 -4 192 ) (-120 -4 192 ) (-120 -16 192 ) 
4 365 400 (-128 -128 252 ) (-124 -128 252 ) (-124 -128 256 ) (-128 -128 256 ) 
3 365 366 (-124 -124 252 ) (-124 -128 252 ) (-128 -128 252 ) 
4 366 403 (-128 -128 192 ) (-124 -128 192 ) (-124 -128 246 ) (-128 -128 246 ) 
4 366 402 (-126 -128 248 ) (-128 -128 248 ) (-128 -128 246 ) (-126 -128 246 ) 
4 366 401 (-124 -128 248 ) (-124 -128 252 ) (-128 -128 252 ) (-128 -128 248 ) 
3 366 381 (-124 -128 192 ) (-128 -128 192 ) (-124 -124 192 ) 
4 367 370 (-19.998159 -20 128 ) (-19.998053 -20 192 ) (-3.998053 -4 192 ) (-3.998594 -4 128 ) 
3 367 368 (0.001298 0 128 ) (-3.998594 -4 128 ) (-3.998560 -4 132 ) 
3 368 378 (-120 -4 124 ) (-120 -4 132 ) (-120 0 128 ) 
4 368 375 (-120 -4 132 ) (-120 -4 124 ) (-119 -4 124 ) (-119 -4 132 ) 
4 368 373 (-119 -4 124 ) (-25 -4 124 ) (-25 -4 132 ) (-119 -4 132 ) 
4 368 372 (-25 -4 124 ) (-24 -4 124 ) (-24 -4 132 ) (-25 -4 132 ) 
4 368 370 (-24 -4 124 ) (-4 -4 124 ) (-4 -4 132 ) (-24 -4 132 ) 
4 369 439 (0 0 0 ) (-4 -4 0 ) (-120 -4 0 ) (-120 0 0 ) 
3 369 379 (-120 0 0 ) (-120 -4 0 ) (-120 -4 4 ) 
4 369 376 (-120 -4 1 ) (-120 -4 0 ) (-24 -4 0 ) (-24 -4 1 ) 
4 369 375 (-120 -4 4 ) (-120 -4 1 ) (-119 -4 1 ) (-119 -4 4 ) 
4 369 373 (-119 -4 1 ) (-25 -4 1 ) (-25 -4 4 ) (-119 -4 4 ) 
4 369 372 (-25 -4 1 ) (-24 -4 1 ) (-24 -4 4 ) (-25 -4 4 ) 
4 369 370 (-24 -4 0 ) (-4 -4 0 ) (-4 -4 4 ) (-24 -4 4 ) 
4 370 439 (-4 -4 0 ) (-20 -20 0 ) (-24 -20 0 ) (-24 -4 0 ) 
4 370 376 (-24 -4 1 ) (-24 -4 0 ) (-24 -12 0 ) (-24 -12 1 ) 
4 370 372 (-24 -4 191 ) (-24 -4 1 ) (-24 -12 1 ) (-24 -12 191 ) 
4 370 371 (-24 -4 192 ) (-24 -4 191 ) (-24 -12 191 ) (-24 -12 192 ) 
4 371 380 (-120 -12 192 ) (-120 -4 192 ) (-120 -4 191 ) (-120 -12 191 ) 
4 371 375 (-120 -4 191 ) (-119 -4 191 ) (-119 -12 191 ) (-120 -12 191 ) 
4 371 373 (-119 -4 191 ) (-25 -4 191 ) (-25 -12 191 ) (-119 -12 191 ) 
4 371 372 (-25 -4 191 ) (-24 -4 191 ) (-24 -12 191 ) (-25 -12 191 ) 
4 372 376 (-25 -4 1 ) (-24 -4 1 ) (-24 -12 1 ) (-25 -12 1 ) 
4 372 373 (-25 -4 1 ) (-25 -12 1 ) (-25 -12 191 ) (-25 -4 191 ) 
4 373 376 (-119 -4 1 ) (-25 -4 1 ) (-25 -12 1 ) (-119 -12 1 ) 
4 373 375 (-119 -4 1 ) (-119 -12 1 ) (-119 -12 191 ) (-119 -4 191 ) 
4 374 377 (-119 -24 1 ) (-25 -24 1 ) (-25 -24 191 ) (-119 -24 191 ) 
4 375 380 (-120 -12 191 ) (-120 -4 191 ) (-120 -4 1 ) (-120 -12 1 ) 
4 375 376 (-120 -4 1 ) (-119 -4 1 ) (-119 -12 1 ) (-120 -12 1 ) 
4 376 439 (-120 -12 0 ) (-120 -4 0 ) (-24 -4 0 ) (-24 -12 0 ) 
4 376 380 (-120 -4 0 ) (-120 -12 0 ) (-120 -12 1 ) (-120 -4 1 ) 
4 377 388 (-120 -128 0 ) (0 -128 0 ) (0 -128 192 ) (-120 -128 192 ) 
3 378 382 (-124 -4 124 ) (-124 -4 132 ) (-124 0 128 ) 
4 378 380 (-124 -4 132 ) (-124 -4 124 ) (-120 -4 124 ) (-120 -4 132 ) 
4 379 439 (-124 -4 0 ) (-124 0 0 ) (-120 0 0 ) (-120 -4 0 ) 
3 379 383 (-124 0 0 ) (-124 -4 0 ) (-124 -4 4 ) 
4 379 380 (-124 -4 4 ) (-124 -4 0 ) (-120 -4 0 ) (-120 -4 4 ) 
4 380 439 (-124 -16 0 ) (-124 -4 0 ) (-120 -4 0 ) (-120 -16 0 ) 
4 380 383 (-124 -4 0 ) (-124 -16 0 ) (-124 -16 4 ) (-124 -4 4 ) 
4 380 382 (-124 -16 124 ) (-124 -16 132 ) (-124 -4 132 ) (-124 -4 124 ) 
4 381 405 (-128 -128 0 ) (-124 -128 0 ) (-124 -128 124 ) (-128 -128 128 ) 
4 381 403 (-124 -128 124 ) (-124 -128 192 ) (-128 -128 192 ) (-128 -128 128 ) 
3 381 383 (-124 -124 4 ) (-124 -128 0 ) (-128 -128 0 ) 
3 381 382 (-124 -123.996101 132 ) (-124 -123.996101 124 ) (-128 -127.996101 128 ) 
4 383 452 (-124 -128 0 ) (-128 -128 0 ) (-128 0 0 ) (-124 0 0 ) 
3 384 389 (-4 -192 252 ) (0 -192 252 ) (0 -192 256 ) 
4 384 387 (0 -192 252 ) (-4 -192 252 ) (-4 -128 252 ) (0 -128 252 ) 
3 384 385 (0 -128 256 ) (-4 -128 252 ) (-4 -132 252 ) 
4 385 387 (-122 -132 252 ) (-122 -128 252 ) (-4 -128 252 ) (-4 -132 252 ) 
3 385 386 (-122 -128 256 ) (-122 -128 254 ) (-122 -130 254 ) 
3 386 400 (-124 -128 256 ) (-124 -128 254 ) (-124 -130 254 ) 
4 387 397 (-120 -192 252 ) (-122 -192 252 ) (-122 -192 248 ) (-120 -192 248 ) 
4 387 390 (0 -192 248 ) (0 -192 252 ) (-120 -192 252 ) (-120 -192 248 ) 
4 388 391 (-120 -192 0 ) (0 -192 0 ) (0 -192 128 ) (-120 -192 128 ) 
3 389 392 (-4 -208 252 ) (0 -208 252 ) (0 -208 256 ) 
4 389 390 (0 -208 252 ) (-4 -208 252 ) (-4 -192 252 ) (0 -192 252 ) 
4 390 397 (-120 -192 252 ) (-120 -192 248 ) (-120 -208 248 ) (-120 -208 252 ) 
4 390 394 (-120 -208 252 ) (-120 -208 248 ) (0 -208 248 ) (0 -208 252 ) 
4 391 395 (-120 -208 128 ) (-120 -208 0 ) (0 -208 0 ) (0 -208 128 ) 
3 392 407 (0 -256 252 ) (0 -256 256 ) (-4 -256 252 ) 
4 392 394 (0 -256 252 ) (-4 -256 252 ) (-4 -208 252 ) (0 -208 252 ) 
3 392 393 (-4.001961 -252 252 ) (-4.001961 -256 252 ) (-0.001964 -256 256 ) 
4 393 411 (0 -256 256 ) (-120 -256 256 ) (-120 -256 252 ) (-4 -256 252 ) 
3 393 396 (-120 -256 252 ) (-120 -256 256 ) (-120 -252 252 ) 
4 393 394 (-4 -256 252 ) (-120 -256 252 ) (-120 -252 252 ) (-4 -252 252 ) 
3 394 413 (-4 -256 252 ) (-120 -256 252 ) (-120 -256 136 ) 
3 394 408 (-88 -256 168 ) (-120 -256 136 ) (-88 -256 136 ) 
5 394 407 (0 -256 136 ) (0 -256 252 ) (-4 -256 252 ) (-88 -256 168 ) (-88 -256 136 ) 
4 394 397 (-120 -256 248 ) (-120 -256 252 ) (-120 -208 252 ) (-120 -208 248 ) 
4 395 426 (-120 -256 0 ) (0 -256 0 ) (0 -256 128 ) (-120 -256 128 ) 
4 396 411 (-120 -256 252 ) (-120 -256 256 ) (-124 -256 256 ) (-124 -256 252 ) 
3 396 398 (-124 -256 252 ) (-124 -256 256 ) (-124 -252 252 ) 
4 396 397 (-124 -256 252 ) (-124 -252 252 ) (-120 -252 252 ) (-120 -256 252 ) 
4 397 413 (-120 -256 248 ) (-120 -256 252 ) (-124 -256 252 ) (-124 -256 248 ) 
4 397 399 (-124 -256 248 ) (-124 -256 252 ) (-124 -252 252 ) (-124 -252 248 ) 
4 398 414 (-124 -256 252 ) (-124 -256 256 ) (-128 -256 256 ) (-128 -256 252 ) 
3 398 399 (-128 -256 252 ) (-124 -252 252 ) (-124 -256 252 ) 
3 399 452 (-124 -256 0 ) (-128 -256 0 ) (-124 -252 0 ) 
4 399 437 (-128 -256 0 ) (-124 -256 4 ) (-124 -256 124 ) (-128 -256 128 ) 
3 399 435 (-124 -256 124 ) (-124 -256 128 ) (-128 -256 128 ) 
3 399 434 (-128 -256 0 ) (-124 -256 0 ) (-124 -256 4 ) 
4 399 414 (-124 -256 132 ) (-124 -256 252 ) (-128 -256 252 ) (-128 -256 128 ) 
3 399 409 (-124 -256 130 ) (-124 -256 132 ) (-126 -256 130 ) 
4 399 410 (-124 -256 128 ) (-124 -256 130 ) (-126 -256 130 ) (-128 -256 128 ) 
4 399 406 (-124 -252.001953 4 ) (-124 -252.001953 0 ) (-127.998047 -256 0 ) (-127.998047 -256 0.001953 ) 
4 399 404 (-124 -252.001953 132 ) (-124 -252.001953 124 ) (-127.998055 -256 127.998055 ) (-127.998055 -256 128.001938 ) 
3 400 401 (-128 -128 252 ) (-124 -128 252 ) (-124 -132 252 ) 
3 401 402 (-128 -128 248 ) (-126 -128 248 ) (-126 -130 248 ) 
3 402 403 (-128 -128 246 ) (-126 -128 246 ) (-126 -130 246 ) 
3 403 405 (-128 -128 127.996109 ) (-124 -128 123.996101 ) (-124 -132 123.996101 ) 
4 403 404 (-128 -128 128 ) (-128 -128 127.996109 ) (-124 -132 123.996109 ) (-124 -132 132 ) 
3 405 452 (-128 -128 0 ) (-124 -128 0 ) (-124 -132 0 ) 
3 405 406 (-124 -132 0 ) (-124 -132 4 ) (-128 -128 0 ) 
4 406 452 (-128 -256 0 ) (-128 -128 0 ) (-124 -132 0 ) (-124 -252 0 ) 
4 407 417 (0 -384 136 ) (0 -384 256 ) (-88 -384 168 ) (-88 -384 136 ) 
3 407 412 (-4 -380 252 ) (-4 -384 252 ) (0 -384 256 ) 
3 407 411 (0 -256 256 ) (-4 -256 252 ) (-4 -260 252 ) 
4 407 413 (-4 -256 252 ) (-88 -256 168 ) (-88 -384 168 ) (-4 -384 252 ) 
4 407 408 (-88 -384 136 ) (-88 -384 168 ) (-88 -256 168 ) (-88 -256 136 ) 
3 408 417 (-88 -384 136 ) (-88 -384 168 ) (-120 -384 136 ) 
4 408 413 (-88 -256 168 ) (-124 -256 132 ) (-124 -384 132 ) (-88 -384 168 ) 
4 408 409 (-124.001938 -384 132 ) (-124.001945 -256 132 ) (-120 -256 132 ) (-120 -384 132 ) 
3 409 421 (-124 -384 132 ) (-126 -384 130 ) (-124 -384 130 ) 
4 409 416 (-126 -382 130 ) (-126 -384 130 ) (-124 -384 132 ) (-124 -380 132 ) 
4 409 414 (-124 -256 132 ) (-126 -256 130 ) (-126 -258 130 ) (-124 -260 132 ) 
4 409 410 (-126 -384 130 ) (-126 -256 130 ) (-120 -256 130 ) (-120 -384 130 ) 
4 410 435 (-128 -256 128 ) (-124 -256 128 ) (-124 -384 128 ) (-128 -384 128 ) 
4 410 426 (-120 -256 128 ) (-88 -256 128 ) (-88 -384 128 ) (-120 -384 128 ) 
4 410 421 (-128 -384 128 ) (-124 -384 128 ) (-124 -384 130 ) (-126 -384 130 ) 
3 410 416 (-128 -384 128 ) (-126 -384 130 ) (-126 -382 130 ) 
3 410 414 (-126 -256 130 ) (-128 -256 128 ) (-126 -258 130 ) 
3 411 414 (-124 -256 256 ) (-124 -256 252 ) (-124 -260 252 ) 
4 411 413 (-124 -260 252 ) (-124 -256 252 ) (-4 -256 252 ) (-4 -260 252 ) 
4 412 417 (-4 -384 252 ) (0 -384 256 ) (-124 -384 256 ) (-124 -384 252 ) 
3 412 415 (-124 -380 252 ) (-124 -384 252 ) (-124 -384 256 ) 
4 412 413 (-124 -384 252 ) (-124 -380 252 ) (-4 -380 252 ) (-4 -384 252 ) 
4 413 417 (-120 -384 136 ) (-4 -384 252 ) (-124 -384 252 ) (-124 -384 136 ) 
4 413 416 (-124 -380 132.001938 ) (-124 -384 132.001938 ) (-124 -384 252 ) (-124 -380 252 ) 
4 413 414 (-124 -256 252 ) (-124 -256 132.001938 ) (-124 -260 132.001938 ) (-124 -260 252 ) 
4 415 421 (-124 -384 252 ) (-124 -384 256 ) (-128 -384 256 ) (-128 -384 252 ) 
3 415 416 (-128.003906 -384 252 ) (-124 -379.996094 252 ) (-124 -384 252 ) 
4 416 421 (-128 -384 128 ) (-124 -384 132 ) (-124 -384 252 ) (-128 -384 252 ) 
4 417 424 (-124 -388 252 ) (-124 -456 184 ) (-72 -456 184 ) (-4 -388 252 ) 
3 417 423 (0 -456 184 ) (0 -384 256 ) (-72 -456 184 ) 
4 417 421 (-124 -388 252 ) (-124 -384 256 ) (-124 -384 136 ) (-124 -388 136 ) 
4 417 418 (-124 -456 183.996094 ) (-124 -456 136 ) (0 -456 136 ) (0 -456 183.996094 ) 
4 418 424 (-72 -456 184 ) (-124 -456 184 ) (-124 -504 136 ) (-120 -504 136 ) 
4 418 423 (0 -504 136 ) (0 -456 184 ) (-72 -456 184 ) (-120 -504 136 ) 
4 418 419 (0 -504 136 ) (-104 -504 136 ) (-104 -488 136 ) (0 -488 136 ) 
4 418 420 (-104 -504 136 ) (-124 -504 136 ) (-124 -456 136 ) (-104 -456 136 ) 
4 419 431 (0 -508 128 ) (0 -512 128 ) (-104 -512 128 ) (-104 -508 128 ) 
4 419 430 (0 -488 128 ) (0 -508 128 ) (-104 -508 128 ) (-104 -488 128 ) 
3 419 425 (0 -512 128 ) (0 -508 132 ) (-4 -508 132 ) 
4 419 423 (0 -508 132 ) (0 -504 136 ) (-104 -504 136 ) (-104 -508 132 ) 
4 419 420 (-104 -512 128 ) (-104 -504 136 ) (-104 -488 136 ) (-104 -488 128 ) 
4 420 431 (-104 -512 128 ) (-124 -512 128 ) (-124 -508 128 ) (-104 -508 128 ) 
4 420 430 (-124 -508 128 ) (-124 -488 128 ) (-104 -488 128 ) (-104 -508 128 ) 
4 420 429 (-124 -488 128 ) (-124 -464 128 ) (-104 -464 128 ) (-104 -488 128 ) 
3 420 424 (-120 -504 136 ) (-124 -504 136 ) (-124 -508 132 ) 
4 420 423 (-104 -508 132 ) (-104 -504 136 ) (-120 -504 136 ) (-124 -508 132 ) 
4 420 422 (-124 -512 128 ) (-124 -508 132 ) (-124 -456 132 ) (-124 -456 128 ) 
3 421 435 (-128 -384 128 ) (-124 -384 128 ) (-124 -388 128 ) 
3 421 422 (-124 -388.001953 128 ) (-124 -388.001953 132 ) (-128 -384.001953 128 ) 
4 422 436 (-124 -508 128 ) (-124 -512 128 ) (-128 -512 128 ) (-128 -508 128 ) 
4 422 435 (-128 -384 128 ) (-124 -388 128 ) (-124 -508 128 ) (-128 -508 128 ) 
4 423 425 (-4 -508 131.998047 ) (0 -508 131.998047 ) (0 -508 256 ) (-4 -508 252 ) 
3 423 424 (-4 -388 252 ) (-124 -508 132 ) (-4 -508 252 ) 
4 426 427 (-96 -448 0 ) (0 -448 0 ) (0 -448 128 ) (-96 -448 128 ) 
4 427 428 (-96 -464 0 ) (0 -464 0 ) (0 -464 128 ) (-96 -464 128 ) 
4 429 443 (-104 -488 0 ) (-124 -488 0 ) (-124 -464 0 ) (-104 -464 0 ) 
4 429 435 (-124 -488 128 ) (-124 -464 128 ) (-124 -464 124 ) (-124 -488 124 ) 
4 429 434 (-124 -464 4 ) (-124 -464 0 ) (-124 -488 0 ) (-124 -488 4 ) 
4 429 430 (-124 -488 128 ) (-124 -488 0 ) (-104 -488 0 ) (-104 -488 128 ) 
4 430 442 (0 -488 0 ) (0 -508 0 ) (-104 -508 0 ) (-104 -488 0 ) 
4 430 443 (-104 -508 0 ) (-124 -508 0 ) (-124 -488 0 ) (-104 -488 0 ) 
4 430 435 (-124 -508 128 ) (-124 -488 128 ) (-124 -488 124 ) (-124 -508 124 ) 
4 430 434 (-124 -488 4 ) (-124 -488 0 ) (-124 -508 0 ) (-124 -508 4 ) 
4 430 433 (-4 -508 4 ) (0 -508 4 ) (0 -508 124 ) (-4 -508 124 ) 
4 430 432 (-124 -508 4 ) (-124 -508 0 ) (0 -508 0 ) (0 -508 4 ) 
4 430 431 (-124 -508 128 ) (-124 -508 124 ) (0 -508 124 ) (0 -508 128 ) 
3 431 436 (-124 -512 128 ) (-124 -508 128 ) (-124 -508 124 ) 
3 431 433 (-4 -508 124 ) (0 -508 124 ) (0 -512 128 ) 
4 432 445 (0 -508 0 ) (0 -512 0 ) (-124 -512 0 ) (-124 -508 0 ) 
3 432 434 (-124 -508 4 ) (-124 -508 0 ) (-124 -512 0 ) 
3 432 433 (0 -508 4 ) (-4 -508 4 ) (0 -512 0 ) 
4 434 453 (-128 -512 0 ) (-128 -508 0 ) (-124 -508 0 ) (-124 -512 0 ) 
4 434 452 (-128 -508 0 ) (-128 -256 0 ) (-124 -256 0 ) (-124 -508 0 ) 
3 434 438 (-124 -388 4 ) (-124 -380 4 ) (-128 -384 0 ) 
3 434 437 (-124 -260 4 ) (-124 -256 4 ) (-128 -256 0 ) 
3 435 438 (-124 -380 124 ) (-124 -388 124 ) (-128 -384 128 ) 
3 435 437 (-124 -256 124 ) (-124 -260 124 ) (-128 -256 128 ) 
3 435 436 (-128 -508 128 ) (-124 -508 124 ) (-124 -508 128 ) 
4 439 458 (-124 -24 -24 ) (-124 -4 -4 ) (0 -4 -4 ) (0 -24 -24 ) 
3 439 457 (0 0 0 ) (0 -4 -4 ) (-4 -4 -4 ) 
4 439 452 (-124 0 0 ) (-124 -4 -4 ) (-124 -24 -4 ) (-124 -24 0 ) 
4 439 440 (-124 -24 -16 ) (-124 -24 -24 ) (0 -24 -24 ) (0 -24 -16 ) 
4 440 458 (-124 -124 -124 ) (-124 -24 -24 ) (0 -24 -24 ) (0 -124 -124 ) 
4 440 456 (-124 -124 -124 ) (-124 -132 -124 ) (-124 -132 -16 ) (-124 -124 -16 ) 
4 440 451 (-124 -132 -124 ) (-124 -123.996094 -124 ) (-4 -123.996101 -124 ) (-4 -132 -124 ) 
4 440 450 (-4 -123.996101 -124 ) (0 -123.996101 -124 ) (0 -192 -124 ) (-4 -192 -124 ) 
4 440 441 (-124 -192 -16 ) (-124 -192 -124 ) (0 -192 -124 ) (0 -192 -16 ) 
4 441 455 (-124 -380 -124 ) (-124 -388 -124 ) (-124 -388 -16 ) (-124 -380 -16 ) 
4 441 454 (-124 -252 -124 ) (-124 -260 -124 ) (-124 -260 -16 ) (-124 -252 -16 ) 
4 441 450 (-4 -192 -124 ) (0 -192 -124 ) (0 -252 -124 ) (-4 -252 -124 ) 
4 441 449 (-124 -260 -124 ) (-124 -252 -124 ) (-4 -252 -124 ) (-4 -260 -124 ) 
4 441 448 (-124 -388 -124 ) (-124 -380 -124 ) (-4 -380 -124 ) (-4 -388 -124 ) 
4 441 447 (-4 -252 -124 ) (0 -252 -124 ) (0 -448 -124 ) (-4 -448 -124 ) 
4 441 444 (-124 -448 -16 ) (-124 -448 -124 ) (0 -448 -124 ) (0 -448 -16 ) 
4 442 446 (-4 -508 -8 ) (0 -508 -8 ) (0 -508 -4 ) (-4 -508 -4 ) 
4 442 445 (0 -508 -4 ) (0 -508 0 ) (-104 -508 0 ) (-104 -508 -4 ) 
4 442 443 (-104 -488 -8 ) (-104 -508 -8 ) (-104 -508 0 ) (-104 -488 0 ) 
4 442 444 (0 -508 -8 ) (-104 -508 -8 ) (-104 -488 -8 ) (0 -488 -8 ) 
4 443 452 (-124 -508 -4 ) (-124 -508 0 ) (-124 -448 0 ) (-124 -448 -4 ) 
4 443 445 (-124 -508 0 ) (-124 -508 -4 ) (-104 -508 -4 ) (-104 -508 0 ) 
4 443 444 (-104 -508 -8 ) (-124 -508 -8 ) (-124 -448 -8 ) (-104 -448 -8 ) 
4 444 447 (-4 -448 -124 ) (0 -448 -124 ) (0 -508 -124 ) (-4 -508 -124 ) 
4 444 446 (-4 -508 -124 ) (0 -508 -124 ) (0 -508 -8 ) (-4 -508 -8 ) 
3 445 453 (-124 -512 0 ) (-124 -508 0 ) (-124 -508 -4 ) 
3 445 446 (-4 -508 -4 ) (0 -508 -4 ) (0 -512 0 ) 
3 446 447 (-4 -508 -124 ) (0 -508 -124 ) (0 -512 -124 ) 
3 447 450 (-4 -252.001953 -124 ) (0 -252.001953 -124 ) (0 -256.001953 -128 ) 
3 447 449 (-4 -252.003906 -124 ) (-0.001964 -256.001953 -127.998039 ) (-4 -260 -124 ) 
3 447 448 (0 -384 -128 ) (-4 -388 -124 ) (-4 -380 -124 ) 
3 448 455 (-124 -388 -124 ) (-124 -380 -124 ) (-124 -384 -128 ) 
3 449 454 (-124 -260 -124 ) (-124 -252 -124 ) (-124 -256 -128 ) 
3 450 459 (-4 -124 -124 ) (0 -124 -124 ) (0 -128 -128 ) 
3 450 451 (-4 -132 -124 ) (-4 -124 -124 ) (0 -128 -128 ) 
3 451 456 (-124 -124 -124 ) (-124 -128 -128 ) (-124 -132 -124 ) 
3 452 456 (-124 -124 -4 ) (-124 -132 -4 ) (-128 -128 0 ) 
3 452 455 (-124 -380 -4 ) (-124 -388 -4 ) (-128 -384 0 ) 
3 452 454 (-124 -252 -4 ) (-124 -260 -4 ) (-128 -256 0 ) 
3 452 453 (-128 -508 0 ) (-124 -508 -4 ) (-124 -508 0 ) 
3 457 459 (-4 -4 -124 ) (0 -4 -128 ) (0 -4 -124 ) 
4 457 458 (-4 -4 -124 ) (0 -4 -124 ) (0 -4 -4 ) (-4 -4 -4 ) 
4 458 459 (0 -123.996101 -124 ) (-4 -123.996101 -124 ) (-4 -4 -124 ) (0 -4 -124 ) 
4 460 482 (-1776 -2048 -864 ) (-1776 -2048 800 ) (-1888 -2048 800 ) (-1888 -2048 -864 ) 
4 460 463 (-1888 -2048 -864 ) (-1888 -2048 320 ) (-1888 -1904 320 ) (-1888 -1904 -864 ) 
4 460 462 (-1888 -1888 320 ) (-1888 -1888 -864 ) (-1888 -1904 -864 ) (-1888 -1904 320 ) 
4 460 461 (-1888 -1888 800 ) (-1888 -1776 800 ) (-1888 -1776 -864 ) (-1888 -1888 -864 ) 
4 461 464 (-1904 -1888 -864 ) (-1904 -1888 800 ) (-1904 -1776 800 ) (-1904 -1776 -864 ) 
4 461 462 (-1904 -1888 320 ) (-1904 -1888 -864 ) (-1888 -1888 -864 ) (-1888 -1888 320 ) 
4 462 465 (-1904 -1904 -864 ) (-1904 -1904 320 ) (-1904 -1888 320 ) (-1904 -1888 -864 ) 
4 462 463 (-1904 -1904 320 ) (-1904 -1904 -864 ) (-1888 -1904 -864 ) (-1888 -1904 320 ) 
4 463 483 (-1888 -2048 -864 ) (-1888 -2048 320 ) (-1904 -2048 320 ) (-1904 -2048 -864 ) 
4 463 466 (-1904 -2048 -864 ) (-1904 -2048 320 ) (-1904 -1904 320 ) (-1904 -1904 -864 ) 
4 464 467 (-2048 -1888 -864 ) (-2048 -1888 800 ) (-2048 -1776 800 ) (-2048 -1776 -864 ) 
4 464 465 (-1904 -1888 -864 ) (-1904 -1888 320 ) (-2048 -1888 320 ) (-2048 -1888 -864 ) 
4 465 468 (-2048 -1904 -864 ) (-2048 -1904 320 ) (-2048 -1888 320 ) (-2048 -1888 -864 ) 
4 465 466 (-2048 -1904 320 ) (-2048 -1904 -864 ) (-1904 -1904 -864 ) (-1904 -1904 320 ) 
4 466 484 (-1904 -2048 -1552 ) (-1904 -2048 4592 ) (-2048 -2048 4592 ) (-2048 -2048 -1552 ) 
4 466 469 (-2048 -2048 -1552 ) (-2048 -2048 4592 ) (-2048 -1904 4592 ) (-2048 -1904 -1552 ) 
4 467 470 (-2160 -1888 -864 ) (-2160 -1888 800 ) (-2160 -1776 800 ) (-2160 -1776 -864 ) 
4 467 468 (-2160 -1888 320 ) (-2160 -1888 -864 ) (-2048 -1888 -864 ) (-2048 -1888 320 ) 
4 468 471 (-2160 -1904 -864 ) (-2160 -1904 320 ) (-2160 -1888 320 ) (-2160 -1888 -864 ) 
4 468 469 (-2160 -1904 320 ) (-2160 -1904 -864 ) (-2048 -1904 -864 ) (-2048 -1904 320 ) 
4 469 489 (-2048 -2048 -1552 ) (-2048 -2048 4592 ) (-2160 -2048 4592 ) (-2160 -2048 -1552 ) 
4 469 473 (-2160 -2048 -864 ) (-2160 -2048 320 ) (-2160 -1904 320 ) (-2160 -1904 -864 ) 
4 470 472 (-2176 -1776 800 ) (-2176 -1776 -864 ) (-2176 -1888 -864 ) (-2176 -1888 800 ) 
4 470 471 (-2176 -1888 320 ) (-2176 -1888 -864 ) (-2160 -1888 -864 ) (-2160 -1888 320 ) 
4 471 473 (-2160 -1904 -864 ) (-2160 -1904 320 ) (-2176 -1904 320 ) (-2176 -1904 -864 ) 
4 471 472 (-2176 -1904 -864 ) (-2176 -1904 320 ) (-2176 -1888 320 ) (-2176 -1888 -864 ) 
4 472 474 (-2352 -1904 800 ) (-2352 -1904 -864 ) (-2176 -1904 -864 ) (-2176 -1904 800 ) 
4 473 490 (-2160 -2048 -864 ) (-2160 -2048 320 ) (-2176 -2048 320 ) (-2176 -2048 -864 ) 
4 473 474 (-2176 -1904 320 ) (-2176 -1904 -864 ) (-2176 -2048 -864 ) (-2176 -2048 320 ) 
4 474 491 (-2176 -2048 -864 ) (-2176 -2048 800 ) (-2352 -2048 800 ) (-2352 -2048 -864 ) 
4 474 475 (-2352 -2048 -96 ) (-2352 -2048 160 ) (-2352 -1968 160 ) (-2352 -1968 -96 ) 
4 475 492 (-2352 -2048 -96 ) (-2352 -2048 160 ) (-2416 -2048 160 ) (-2416 -2048 -96 ) 
4 475 476 (-2416 -2048 -96 ) (-2416 -2048 160 ) (-2416 -1968 160 ) (-2416 -1968 -96 ) 
4 476 493 (-2416 -2048 -96 ) (-2416 -2048 160 ) (-2544 -2048 160 ) (-2544 -2048 -96 ) 
4 476 480 (-2544 -2048 32 ) (-2544 -2048 160 ) (-2544 -1968 160 ) (-2544 -1968 32 ) 
4 477 480 (-2544 -1968 160 ) (-2544 -1968 222 ) (-2608 -1968 222 ) (-2608 -1968 160 ) 
4 477 479 (-2544 -1968 222 ) (-2544 -1968 224 ) (-2608 -1968 224 ) (-2608 -1968 222 ) 
4 477 478 (-2544 -1968 160 ) (-2608 -1968 160 ) (-2608 -1936 160 ) (-2544 -1936 160 ) 
4 478 480 (-2544 -1968 32 ) (-2544 -1968 160 ) (-2608 -1968 160 ) (-2608 -1968 32 ) 
4 479 494 (-2544 -2048 222 ) (-2544 -2048 232 ) (-2608 -2048 232 ) (-2608 -2048 222 ) 
4 479 480 (-2608 -2048 222 ) (-2608 -1968 222 ) (-2544 -1968 222 ) (-2544 -2048 222 ) 
4 480 495 (-2544 -2048 32 ) (-2544 -2048 222 ) (-2608 -2048 222 ) (-2608 -2048 32 ) 
4 480 481 (-2608 -1968 160 ) (-2608 -1968 32 ) (-2608 -2048 32 ) (-2608 -2048 160 ) 
4 481 496 (-2608 -2048 32 ) (-2608 -2048 160 ) (-2688 -2048 160 ) (-2688 -2048 32 ) 
4 482 485 (-1776 -2160 -864 ) (-1776 -2160 800 ) (-1888 -2160 800 ) (-1888 -2160 -864 ) 
4 482 483 (-1888 -2048 320 ) (-1888 -2048 -864 ) (-1888 -2160 -864 ) (-1888 -2160 320 ) 
4 483 486 (-1888 -2160 -864 ) (-1888 -2160 320 ) (-1904 -2160 320 ) (-1904 -2160 -864 ) 
4 483 484 (-1904 -2160 -864 ) (-1904 -2160 320 ) (-1904 -2048 320 ) (-1904 -2048 -864 ) 
4 484 489 (-2048 -2160 -1552 ) (-2048 -2160 4592 ) (-2048 -2048 4592 ) (-2048 -2048 -1552 ) 
4 484 487 (-1904 -2160 -864 ) (-1904 -2160 320 ) (-2048 -2160 320 ) (-2048 -2160 -864 ) 
4 485 488 (-1776 -2176 -864 ) (-1776 -2176 800 ) (-1888 -2176 800 ) (-1888 -2176 -864 ) 
4 485 486 (-1888 -2160 320 ) (-1888 -2160 -864 ) (-1888 -2176 -864 ) (-1888 -2176 320 ) 
4 486 488 (-1888 -2176 -864 ) (-1888 -2176 320 ) (-1904 -2176 320 ) (-1904 -2176 -864 ) 
4 486 487 (-1904 -2160 320 ) (-1904 -2160 -864 ) (-1904 -2176 -864 ) (-1904 -2176 320 ) 
4 487 511 (-2048 -2176 -864 ) (-2048 -2176 -128 ) (-2048 -2160 -128 ) (-2048 -2160 -864 ) 
4 487 503 (-2048 -2176 -128 ) (-2048 -2176 0 ) (-2048 -2160 0 ) (-2048 -2160 -128 ) 
4 487 499 (-2048 -2176 0 ) (-2048 -2176 320 ) (-2048 -2160 320 ) (-2048 -2160 0 ) 
4 487 488 (-2048 -2176 320 ) (-2048 -2176 -864 ) (-1904 -2176 -864 ) (-1904 -2176 320 ) 
4 488 511 (-2048 -2288 -864 ) (-2048 -2288 -128 ) (-2048 -2176 -128 ) (-2048 -2176 -864 ) 
4 488 503 (-2048 -2288 -128 ) (-2048 -2288 0 ) (-2048 -2176 0 ) (-2048 -2176 -128 ) 
4 488 501 (-2048 -2288 0 ) (-2048 -2288 800 ) (-2048 -2176 800 ) (-2048 -2176 0 ) 
4 489 511 (-2048 -2160 -864 ) (-2048 -2160 -128 ) (-2160 -2160 -128 ) (-2160 -2160 -864 ) 
4 489 504 (-2116 -2160 0 ) (-2160 -2160 0 ) (-2160 -2160 -128 ) (-2116 -2160 -128 ) 
4 489 503 (-2048 -2160 -128 ) (-2048 -2160 0 ) (-2116 -2160 0 ) (-2116 -2160 -128 ) 
4 489 499 (-2048 -2160 0 ) (-2048 -2160 320 ) (-2160 -2160 320 ) (-2160 -2160 0 ) 
4 489 490 (-2160 -2048 320 ) (-2160 -2048 -864 ) (-2160 -2160 -864 ) (-2160 -2160 320 ) 
4 490 511 (-2160 -2160 -864 ) (-2160 -2160 -128 ) (-2176 -2160 -128 ) (-2176 -2160 -864 ) 
4 490 504 (-2160 -2160 -128 ) (-2160 -2160 0 ) (-2176 -2160 0 ) (-2176 -2160 -128 ) 
4 490 500 (-2160 -2160 0 ) (-2160 -2160 320 ) (-2176 -2160 320 ) (-2176 -2160 0 ) 
4 490 491 (-2176 -2160 -864 ) (-2176 -2160 320 ) (-2176 -2048 320 ) (-2176 -2048 -864 ) 
4 491 511 (-2176 -2160 -864 ) (-2176 -2160 -128 ) (-2352 -2160 -128 ) (-2352 -2160 -864 ) 
4 491 506 (-2244 -2160 0 ) (-2352 -2160 0 ) (-2352 -2160 -128 ) (-2244 -2160 -128 ) 
4 491 504 (-2176 -2160 -128 ) (-2176 -2160 0 ) (-2244 -2160 0 ) (-2244 -2160 -128 ) 
4 491 502 (-2176 -2160 0 ) (-2176 -2160 800 ) (-2352 -2160 800 ) (-2352 -2160 0 ) 
4 491 492 (-2352 -2096 160 ) (-2352 -2048 160 ) (-2352 -2048 -96 ) (-2352 -2096 -96 ) 
4 492 493 (-2416 -2048 160 ) (-2416 -2048 -96 ) (-2416 -2096 -96 ) (-2416 -2096 160 ) 
4 493 495 (-2544 -2096 32 ) (-2544 -2096 160 ) (-2544 -2048 160 ) (-2544 -2048 32 ) 
4 494 497 (-2544 -2096 222 ) (-2544 -2096 224 ) (-2608 -2096 224 ) (-2608 -2096 222 ) 
4 494 495 (-2544 -2096 222 ) (-2608 -2096 222 ) (-2608 -2048 222 ) (-2544 -2048 222 ) 
4 495 498 (-2544 -2096 32 ) (-2544 -2096 160 ) (-2608 -2096 160 ) (-2608 -2096 32 ) 
4 495 497 (-2544 -2096 160 ) (-2544 -2096 222 ) (-2608 -2096 222 ) (-2608 -2096 160 ) 
4 495 496 (-2608 -2096 32 ) (-2608 -2096 160 ) (-2608 -2048 160 ) (-2608 -2048 32 ) 
4 497 498 (-2544 -2128 160 ) (-2608 -2128 160 ) (-2608 -2096 160 ) (-2544 -2096 160 ) 
4 499 504 (-2160 -2160 0 ) (-2116 -2160 0 ) (-2116 -2176 0 ) (-2160 -2176 0 ) 
4 499 503 (-2116 -2160 0 ) (-2048 -2160 0 ) (-2048 -2176 0 ) (-2116 -2176 0 ) 
4 499 501 (-2160 -2176 0 ) (-2048 -2176 0 ) (-2048 -2176 320 ) (-2160 -2176 320 ) 
4 499 500 (-2160 -2160 320 ) (-2160 -2160 0 ) (-2160 -2176 0 ) (-2160 -2176 320 ) 
4 500 504 (-2176 -2176 0 ) (-2176 -2160 0 ) (-2160 -2160 0 ) (-2160 -2176 0 ) 
4 500 502 (-2176 -2160 320 ) (-2176 -2160 0 ) (-2176 -2176 0 ) (-2176 -2176 320 ) 
4 500 501 (-2176 -2176 320 ) (-2176 -2176 0 ) (-2160 -2176 0 ) (-2160 -2176 320 ) 
4 501 504 (-2176 -2288 0 ) (-2176 -2176 0 ) (-2116 -2176 0 ) (-2116 -2288 0 ) 
4 501 503 (-2116 -2176 0 ) (-2048 -2176 0 ) (-2048 -2288 0 ) (-2116 -2288 0 ) 
4 501 502 (-2176 -2176 0 ) (-2176 -2288 0 ) (-2176 -2288 800 ) (-2176 -2176 800 ) 
4 502 506 (-2352 -2160 0 ) (-2244 -2160 0 ) (-2244 -2288 0 ) (-2352 -2288 0 ) 
4 502 504 (-2244 -2160 0 ) (-2176 -2160 0 ) (-2176 -2288 0 ) (-2244 -2288 0 ) 
4 503 511 (-2116 -2160 -128 ) (-2048 -2160 -128 ) (-2048 -2288 -128 ) (-2116 -2288 -128 ) 
4 503 504 (-2116 -2160 -128 ) (-2116 -2288 -128 ) (-2116 -2288 0 ) (-2116 -2160 0 ) 
4 504 511 (-2244 -2160 -128 ) (-2116 -2160 -128 ) (-2116 -2288 -128 ) (-2244 -2288 -128 ) 
4 504 506 (-2244 -2160 -128 ) (-2244 -2288 -128 ) (-2244 -2288 0 ) (-2244 -2160 0 ) 
4 506 511 (-2352 -2160 -128 ) (-2244 -2160 -128 ) (-2244 -2288 -128 ) (-2352 -2288 -128 ) 
4 507 509 (-2500 -2288 0 ) (-2500 -2288 -96 ) (-2416 -2288 -96 ) (-2416 -2288 0 ) 
4 507 508 (-2416 -2288 -96 ) (-2500 -2288 -96 ) (-2500 -2260 -96 ) (-2416 -2260 -96 ) 
4 508 509 (-2500 -2288 -96 ) (-2500 -2288 -128 ) (-2416 -2288 -128 ) (-2416 -2288 -96 ) 
